#-----------------------------------------------------------
# Vivado v2018.2 (64-bit)
# SW Build 2258646 on Thu Jun 14 20:03:12 MDT 2018
# IP Build 2256618 on Thu Jun 14 22:10:49 MDT 2018
# Start of session at: Tue Nov 20 11:44:57 2018
# Process ID: 21564
# Current directory: C:/Users/local.bloo/Google Drive/UNI/18F/ELEC_3500/ELEC_3500_Labs/lab_9/alarm_clock
# Command line: vivado.exe -gui_launcher_event rodinguilauncherevent24600 C:\Users\local.bloo\Google Drive\UNI\18F\ELEC_3500\ELEC_3500_Labs\lab_9\alarm_clock\alarm_clock.xpr
# Log file: C:/Users/local.bloo/Google Drive/UNI/18F/ELEC_3500/ELEC_3500_Labs/lab_9/alarm_clock/vivado.log
# Journal file: C:/Users/local.bloo/Google Drive/UNI/18F/ELEC_3500/ELEC_3500_Labs/lab_9/alarm_clock\vivado.jou
#-----------------------------------------------------------sstart_guiopen_project {C:/Users/local.bloo/Google Drive/UNI/18F/ELEC_3500/ELEC_3500_Labs/lab_9/alarm_clock/alarm_clock.xpr}
INFO: [ProjectBase 1-489] The host OS only allows 260 characters in a normal path. The project is stored in a path with more than 80 characters. If you experience issues with IP, Block Designs, or files not being found, please consider moving the project to a location with a shorter path. Alternately consider using the OS subst command to map part of the path to a drive letter.
Current project path is 'C:/Users/local.bloo/Google Drive/UNI/18F/ELEC_3500/ELEC_3500_Labs/lab_9/alarm_clock'
INFO: [Project 1-313] Project file moved from 'E:/Documents/Google/UNI/18F/ELEC_3500/ELEC_3500_Labs/lab_9/alarm_clock' since last save.
Scanning sources...
Finished scanning sources
INFO: [IP_Flow 19-234] Refreshing IP repositories
INFO: [IP_Flow 19-1704] No user IP repositories specified
IINFO: [IP_Flow 19-2313] Loaded Vivado IP repository 'C:/Xilinx/Vivado/2018.2/data/ip'.oopen_project: Time (s): cpu = 00:00:22 ; elapsed = 00:00:22 . Memory (MB): peak = 776.926 ; gain = 110.457uupdate_compile_order -fileset sources_1reset_run synth_1
WARNING: [Vivado 12-1017] Problems encountered:
1. Failed to delete one or more files in run directory C:/Users/local.bloo/Google Drive/UNI/18F/ELEC_3500/ELEC_3500_Labs/lab_9/alarm_clock/alarm_clock.runs/synth_1

launch_runs synth_1 -jobs 4
[Tue Nov 20 11:46:30 2018] Launched synth_1...
Run output will be captured here: C:/Users/local.bloo/Google Drive/UNI/18F/ELEC_3500/ELEC_3500_Labs/lab_9/alarm_clock/alarm_clock.runs/synth_1/runme.log
reset_run synth_1
WARNING: [Vivado 12-1017] Problems encountered:
1. Failed to delete one or more files in run directory C:/Users/local.bloo/Google Drive/UNI/18F/ELEC_3500/ELEC_3500_Labs/lab_9/alarm_clock/alarm_clock.runs/synth_1

launch_runs synth_1 -jobs 4
[Tue Nov 20 11:48:21 2018] Launched synth_1...
Run output will be captured here: C:/Users/local.bloo/Google Drive/UNI/18F/ELEC_3500/ELEC_3500_Labs/lab_9/alarm_clock/alarm_clock.runs/synth_1/runme.log
launch_runs impl_1 -jobs 4
[Tue Nov 20 11:50:40 2018] Launched impl_1...
Run output will be captured here: C:/Users/local.bloo/Google Drive/UNI/18F/ELEC_3500/ELEC_3500_Labs/lab_9/alarm_clock/alarm_clock.runs/impl_1/runme.log
synth_design -rtl -name rtl_1
Command: synth_design -rtl -name rtl_1
Starting synth_design
Using part: xc7a100tcsg324-1
Top: top
---------------------------------------------------------------------------------
Starting RTL Elaboration : Time (s): cpu = 00:00:05 ; elapsed = 00:00:04 . Memory (MB): peak = 938.500 ; gain = 98.059
---------------------------------------------------------------------------------
INFO: [Synth 8-6157] synthesizing module 'top' [C:/Users/local.bloo/Google Drive/UNI/18F/ELEC_3500/ELEC_3500_Labs/lab_9/alarm_clock/alarm_clock.srcs/sources_1/new/top.v:23]
INFO: [Synth 8-6157] synthesizing module 'debounce' [C:/Users/local.bloo/Google Drive/UNI/18F/ELEC_3500/ELEC_3500_Labs/lab_9/alarm_clock/alarm_clock.srcs/sources_1/new/debounce.v:21]
	Parameter COUNT_BITS bound to: 16 - type: integer 
	Parameter CLKS_TO_COUNT bound to: 50000 - type: integer 
INFO: [Synth 8-6155] done synthesizing module 'debounce' (1#1) [C:/Users/local.bloo/Google Drive/UNI/18F/ELEC_3500/ELEC_3500_Labs/lab_9/alarm_clock/alarm_clock.srcs/sources_1/new/debounce.v:21]
INFO: [Synth 8-6157] synthesizing module 'clk_wiz_0' [C:/Users/local.bloo/Google Drive/UNI/18F/ELEC_3500/ELEC_3500_Labs/lab_9/alarm_clock/.Xil/Vivado-3468-Melchoir/realtime/clk_wiz_0_stub.v:5]
INFO: [Synth 8-6155] done synthesizing module 'clk_wiz_0' (2#1) [C:/Users/local.bloo/Google Drive/UNI/18F/ELEC_3500/ELEC_3500_Labs/lab_9/alarm_clock/.Xil/Vivado-3468-Melchoir/realtime/clk_wiz_0_stub.v:5]
INFO: [Synth 8-6157] synthesizing module 'count_to' [C:/Users/local.bloo/Google Drive/UNI/18F/ELEC_3500/ELEC_3500_Labs/lab_9/alarm_clock/alarm_clock.srcs/sources_1/imports/modules/count_to.v:23]
	Parameter COUNT_WIDTH bound to: 24 - type: integer 
	Parameter COUNT_TO bound to: 5000000 - type: integer 
INFO: [Synth 8-6155] done synthesizing module 'count_to' (3#1) [C:/Users/local.bloo/Google Drive/UNI/18F/ELEC_3500/ELEC_3500_Labs/lab_9/alarm_clock/alarm_clock.srcs/sources_1/imports/modules/count_to.v:23]
WARNING: [Synth 8-350] instance 'en_1Hz_count' of module 'count_to' requires 5 connections, but only 4 given [C:/Users/local.bloo/Google Drive/UNI/18F/ELEC_3500/ELEC_3500_Labs/lab_9/alarm_clock/alarm_clock.srcs/sources_1/new/top.v:74]
INFO: [Synth 8-6157] synthesizing module 'count_to__parameterized0' [C:/Users/local.bloo/Google Drive/UNI/18F/ELEC_3500/ELEC_3500_Labs/lab_9/alarm_clock/alarm_clock.srcs/sources_1/imports/modules/count_to.v:23]
	Parameter COUNT_WIDTH bound to: 6 - type: integer 
	Parameter COUNT_TO bound to: 59 - type: integer 
INFO: [Synth 8-6155] done synthesizing module 'count_to__parameterized0' (3#1) [C:/Users/local.bloo/Google Drive/UNI/18F/ELEC_3500/ELEC_3500_Labs/lab_9/alarm_clock/alarm_clock.srcs/sources_1/imports/modules/count_to.v:23]
WARNING: [Synth 8-350] instance 'count_seconds' of module 'count_to' requires 5 connections, but only 4 given [C:/Users/local.bloo/Google Drive/UNI/18F/ELEC_3500/ELEC_3500_Labs/lab_9/alarm_clock/alarm_clock.srcs/sources_1/new/top.v:81]
INFO: [Synth 8-6157] synthesizing module 'clock_counter' [C:/Users/local.bloo/Google Drive/UNI/18F/ELEC_3500/ELEC_3500_Labs/lab_9/alarm_clock/alarm_clock.srcs/sources_1/new/clock_counter.v:22]
INFO: [Synth 8-6157] synthesizing module 'count_to__parameterized1' [C:/Users/local.bloo/Google Drive/UNI/18F/ELEC_3500/ELEC_3500_Labs/lab_9/alarm_clock/alarm_clock.srcs/sources_1/imports/modules/count_to.v:23]
	Parameter COUNT_WIDTH bound to: 4 - type: integer 
	Parameter COUNT_TO bound to: 9 - type: integer 
INFO: [Synth 8-6155] done synthesizing module 'count_to__parameterized1' (3#1) [C:/Users/local.bloo/Google Drive/UNI/18F/ELEC_3500/ELEC_3500_Labs/lab_9/alarm_clock/alarm_clock.srcs/sources_1/imports/modules/count_to.v:23]
INFO: [Synth 8-6157] synthesizing module 'count_to__parameterized2' [C:/Users/local.bloo/Google Drive/UNI/18F/ELEC_3500/ELEC_3500_Labs/lab_9/alarm_clock/alarm_clock.srcs/sources_1/imports/modules/count_to.v:23]
	Parameter COUNT_WIDTH bound to: 4 - type: integer 
	Parameter COUNT_TO bound to: 5 - type: integer 
INFO: [Synth 8-6155] done synthesizing module 'count_to__parameterized2' (3#1) [C:/Users/local.bloo/Google Drive/UNI/18F/ELEC_3500/ELEC_3500_Labs/lab_9/alarm_clock/alarm_clock.srcs/sources_1/imports/modules/count_to.v:23]
INFO: [Synth 8-6157] synthesizing module 'count_to__parameterized3' [C:/Users/local.bloo/Google Drive/UNI/18F/ELEC_3500/ELEC_3500_Labs/lab_9/alarm_clock/alarm_clock.srcs/sources_1/imports/modules/count_to.v:23]
	Parameter COUNT_WIDTH bound to: 5 - type: integer 
	Parameter COUNT_TO bound to: 23 - type: integer 
INFO: [Synth 8-6155] done synthesizing module 'count_to__parameterized3' (3#1) [C:/Users/local.bloo/Google Drive/UNI/18F/ELEC_3500/ELEC_3500_Labs/lab_9/alarm_clock/alarm_clock.srcs/sources_1/imports/modules/count_to.v:23]
WARNING: [Synth 8-350] instance 'count_hours' of module 'count_to' requires 5 connections, but only 4 given [C:/Users/local.bloo/Google Drive/UNI/18F/ELEC_3500/ELEC_3500_Labs/lab_9/alarm_clock/alarm_clock.srcs/sources_1/new/clock_counter.v:63]
INFO: [Synth 8-6157] synthesizing module 'increment_driver' [C:/Users/local.bloo/Google Drive/UNI/18F/ELEC_3500/ELEC_3500_Labs/lab_9/alarm_clock/alarm_clock.srcs/sources_1/new/increment_driver.v:23]
	Parameter S0 bound to: 2'b00 
	Parameter S1 bound to: 2'b01 
	Parameter S2 bound to: 2'b10 
INFO: [Synth 8-6155] done synthesizing module 'increment_driver' (4#1) [C:/Users/local.bloo/Google Drive/UNI/18F/ELEC_3500/ELEC_3500_Labs/lab_9/alarm_clock/alarm_clock.srcs/sources_1/new/increment_driver.v:23]
INFO: [Synth 8-6157] synthesizing module 'hours_to_bcd_encoder' [C:/Users/local.bloo/Google Drive/UNI/18F/ELEC_3500/ELEC_3500_Labs/lab_9/alarm_clock/alarm_clock.srcs/sources_1/new/hours_to_bcd_encoder.v:23]
INFO: [Synth 8-6155] done synthesizing module 'hours_to_bcd_encoder' (5#1) [C:/Users/local.bloo/Google Drive/UNI/18F/ELEC_3500/ELEC_3500_Labs/lab_9/alarm_clock/alarm_clock.srcs/sources_1/new/hours_to_bcd_encoder.v:23]
INFO: [Synth 8-6155] done synthesizing module 'clock_counter' (6#1) [C:/Users/local.bloo/Google Drive/UNI/18F/ELEC_3500/ELEC_3500_Labs/lab_9/alarm_clock/alarm_clock.srcs/sources_1/new/clock_counter.v:22]
INFO: [Synth 8-6157] synthesizing module 'master_controller' [C:/Users/local.bloo/Google Drive/UNI/18F/ELEC_3500/ELEC_3500_Labs/lab_9/alarm_clock/alarm_clock.srcs/sources_1/new/master_controller.v:22]
INFO: [Synth 8-6155] done synthesizing module 'master_controller' (7#1) [C:/Users/local.bloo/Google Drive/UNI/18F/ELEC_3500/ELEC_3500_Labs/lab_9/alarm_clock/alarm_clock.srcs/sources_1/new/master_controller.v:22]
INFO: [Synth 8-6157] synthesizing module 'display_mux' [C:/Users/local.bloo/Google Drive/UNI/18F/ELEC_3500/ELEC_3500_Labs/lab_9/alarm_clock/alarm_clock.srcs/sources_1/new/diplay_mux.v:21]
INFO: [Synth 8-6155] done synthesizing module 'display_mux' (8#1) [C:/Users/local.bloo/Google Drive/UNI/18F/ELEC_3500/ELEC_3500_Labs/lab_9/alarm_clock/alarm_clock.srcs/sources_1/new/diplay_mux.v:21]
INFO: [Synth 8-6157] synthesizing module 'seg_driver' [C:/Users/local.bloo/Google Drive/UNI/18F/ELEC_3500/ELEC_3500_Labs/lab_9/alarm_clock/alarm_clock.srcs/sources_1/new/seg_driver.v:22]
	Parameter NUM_SEG bound to: 4 - type: integer 
INFO: [Synth 8-6155] done synthesizing module 'seg_driver' (9#1) [C:/Users/local.bloo/Google Drive/UNI/18F/ELEC_3500/ELEC_3500_Labs/lab_9/alarm_clock/alarm_clock.srcs/sources_1/new/seg_driver.v:22]
INFO: [Synth 8-6155] done synthesizing module 'top' (10#1) [C:/Users/local.bloo/Google Drive/UNI/18F/ELEC_3500/ELEC_3500_Labs/lab_9/alarm_clock/alarm_clock.srcs/sources_1/new/top.v:23]
---------------------------------------------------------------------------------
Finished RTL Elaboration : Time (s): cpu = 00:00:06 ; elapsed = 00:00:05 . Memory (MB): peak = 981.586 ; gain = 141.145
---------------------------------------------------------------------------------

Report Check Netlist: 
+------+------------------+-------+---------+-------+------------------+
|      |Item              |Errors |Warnings |Status |Description       |
+------+------------------+-------+---------+-------+------------------+
|1     |multi_driven_nets |      0|        0|Passed |Multi driven nets |
+------+------------------+-------+---------+-------+------------------+
---------------------------------------------------------------------------------
Start Handling Custom Attributes
---------------------------------------------------------------------------------
---------------------------------------------------------------------------------
Finished Handling Custom Attributes : Time (s): cpu = 00:00:06 ; elapsed = 00:00:05 . Memory (MB): peak = 981.586 ; gain = 141.145
---------------------------------------------------------------------------------
---------------------------------------------------------------------------------
Finished RTL Optimization Phase 1 : Time (s): cpu = 00:00:06 ; elapsed = 00:00:05 . Memory (MB): peak = 981.586 ; gain = 141.145
---------------------------------------------------------------------------------
INFO: [Project 1-454] Reading design checkpoint 'c:/Users/local.bloo/Google Drive/UNI/18F/ELEC_3500/ELEC_3500_Labs/lab_9/alarm_clock/alarm_clock.srcs/sources_1/ip/clk_wiz_0/clk_wiz_0.dcp' for cell 'clk_wiz'
INFO: [Netlist 29-17] Analyzing 2 Unisim elements for replacement
INFO: [Netlist 29-28] Unisim Transformation completed in 0 CPU seconds
INFO: [Project 1-479] Netlist was created with Vivado 2018.2.1
INFO: [Device 21-403] Loading part xc7a100tcsg324-1
INFO: [Project 1-570] Preparing netlist for logic optimization

Processing XDC Constraints
Initializing timing engine
Parsing XDC File [c:/Users/local.bloo/Google Drive/UNI/18F/ELEC_3500/ELEC_3500_Labs/lab_9/alarm_clock/alarm_clock.srcs/sources_1/ip/clk_wiz_0/clk_wiz_0_board.xdc] for cell 'clk_wiz/inst'
Finished Parsing XDC File [c:/Users/local.bloo/Google Drive/UNI/18F/ELEC_3500/ELEC_3500_Labs/lab_9/alarm_clock/alarm_clock.srcs/sources_1/ip/clk_wiz_0/clk_wiz_0_board.xdc] for cell 'clk_wiz/inst'
Parsing XDC File [c:/Users/local.bloo/Google Drive/UNI/18F/ELEC_3500/ELEC_3500_Labs/lab_9/alarm_clock/alarm_clock.srcs/sources_1/ip/clk_wiz_0/clk_wiz_0.xdc] for cell 'clk_wiz/inst'
Finished Parsing XDC File [c:/Users/local.bloo/Google Drive/UNI/18F/ELEC_3500/ELEC_3500_Labs/lab_9/alarm_clock/alarm_clock.srcs/sources_1/ip/clk_wiz_0/clk_wiz_0.xdc] for cell 'clk_wiz/inst'
INFO: [Project 1-236] Implementation specific constraints were found while reading constraint file [c:/Users/local.bloo/Google Drive/UNI/18F/ELEC_3500/ELEC_3500_Labs/lab_9/alarm_clock/alarm_clock.srcs/sources_1/ip/clk_wiz_0/clk_wiz_0.xdc]. These constraints will be ignored for synthesis but will be used in implementation. Impacted constraints are listed in the file [.Xil/top_propImpl.xdc].
Resolution: To avoid this warning, move constraints listed in [.Xil/top_propImpl.xdc] to another XDC file and exclude this new file from synthesis with the used_in_synthesis property (File Properties dialog in GUI) and re-run elaboration/synthesis.
INFO: [Timing 38-2] Deriving generated clocks
Parsing XDC File [C:/Users/local.bloo/Google Drive/UNI/18F/ELEC_3500/ELEC_3500_Labs/lab_9/alarm_clock/alarm_clock.srcs/constrs_1/imports/lab9_3_3/Nexys4DDR_Master.xdc]
Finished Parsing XDC File [C:/Users/local.bloo/Google Drive/UNI/18F/ELEC_3500/ELEC_3500_Labs/lab_9/alarm_clock/alarm_clock.srcs/constrs_1/imports/lab9_3_3/Nexys4DDR_Master.xdc]
Completed Processing XDC Constraints

INFO: [Opt 31-138] Pushed 0 inverter(s) to 0 load pin(s).
INFO: [Project 1-111] Unisim Transformation Summary:
No Unisim elements were transformed.

RTL Elaboration Complete:  : Time (s): cpu = 00:00:30 ; elapsed = 00:00:24 . Memory (MB): peak = 1333.250 ; gain = 492.809
38 Infos, 3 Warnings, 0 Critical Warnings and 0 Errors encountered.
synth_design completed successfully
synth_design: Time (s): cpu = 00:00:30 ; elapsed = 00:00:24 . Memory (MB): peak = 1333.250 ; gain = 492.809
launch_runs impl_1 -to_step write_bitstream -jobs 4
[Tue Nov 20 11:53:09 2018] Launched impl_1...
Run output will be captured here: C:/Users/local.bloo/Google Drive/UNI/18F/ELEC_3500/ELEC_3500_Labs/lab_9/alarm_clock/alarm_clock.runs/impl_1/runme.log
update_compile_order -fileset sources_1
export_ip_user_files -of_objects  [get_files {{C:/Users/local.bloo/Google Drive/UNI/18F/ELEC_3500/ELEC_3500_Labs/lab_9/alarm_clock/alarm_clock.srcs/sources_1/new/alarm_time.v}}] -no_script -reset -force -quiet
remove_files  {{C:/Users/local.bloo/Google Drive/UNI/18F/ELEC_3500/ELEC_3500_Labs/lab_9/alarm_clock/alarm_clock.srcs/sources_1/new/alarm_time.v}}
file delete -force {C:/Users/local.bloo/Google Drive/UNI/18F/ELEC_3500/ELEC_3500_Labs/lab_9/alarm_clock/alarm_clock.srcs/sources_1/new/alarm_time.v}
