#-----------------------------------------------------------
# Vivado v2018.2 (64-bit)
# SW Build 2258646 on Thu Jun 14 20:03:12 MDT 2018
# IP Build 2256618 on Thu Jun 14 22:10:49 MDT 2018
# Start of session at: Tue Nov 20 16:58:40 2018
# Process ID: 3572
# Current directory: E:/Documents/Google/UNI/18F/ELEC_3500/ELEC_3500_Labs/lab_9/alarm_clock
# Command line: vivado.exe -gui_launcher_event rodinguilauncherevent21648 E:\Documents\Google\UNI\18F\ELEC_3500\ELEC_3500_Labs\lab_9\alarm_clock\alarm_clock.xpr
# Log file: E:/Documents/Google/UNI/18F/ELEC_3500/ELEC_3500_Labs/lab_9/alarm_clock/vivado.log
# Journal file: E:/Documents/Google/UNI/18F/ELEC_3500/ELEC_3500_Labs/lab_9/alarm_clock\vivado.jou
#-----------------------------------------------------------
start_gui
open_project E:/Documents/Google/UNI/18F/ELEC_3500/ELEC_3500_Labs/lab_9/alarm_clock/alarm_clock.xpr
INFO: [Project 1-313] Project file moved from 'C:/Users/local.bloo/Google Drive/UNI/18F/ELEC_3500/ELEC_3500_Labs/lab_9/alarm_clock' since last save.
Scanning sources...
Finished scanning sources
INFO: [IP_Flow 19-234] Refreshing IP repositories
INFO: [IP_Flow 19-1704] No user IP repositories specified
INFO: [IP_Flow 19-2313] Loaded Vivado IP repository 'E:/Xilinx/Vivado/2018.2/data/ip'.
open_project: Time (s): cpu = 00:00:17 ; elapsed = 00:00:23 . Memory (MB): peak = 815.086 ; gain = 139.941
update_compile_order -fileset sources_1
reset_run impl_1 -prev_step 
WARNING: [Vivado 12-1017] Problems encountered:
1. Process appears to be on host 'MELCHOIR' and cannot be killed from host 'Casper'

reset_run impl_1
WARNING: [Vivado 12-1017] Problems encountered:
1. Process appears to be on host 'MELCHOIR' and cannot be killed from host 'Casper'

reset_run synth_1
WARNING: [Vivado 12-1017] Problems encountered:
1. Process appears to be on host 'MELCHOIR' and cannot be killed from host 'Casper'

file mkdir E:/Documents/Google/UNI/18F/ELEC_3500/ELEC_3500_Labs/lab_9/alarm_clock/alarm_clock.srcs/sim_1/new
set_property SOURCE_SET sources_1 [get_filesets sim_1]
close [ open E:/Documents/Google/UNI/18F/ELEC_3500/ELEC_3500_Labs/lab_9/alarm_clock/alarm_clock.srcs/sim_1/new/tob_tb.v w ]
add_files -fileset sim_1 E:/Documents/Google/UNI/18F/ELEC_3500/ELEC_3500_Labs/lab_9/alarm_clock/alarm_clock.srcs/sim_1/new/tob_tb.v
update_compile_order -fileset sim_1
update_compile_order -fileset sim_1
exit
INFO: [Common 17-206] Exiting Vivado at Tue Nov 20 18:58:46 2018...
