#-----------------------------------------------------------
# Vivado v2018.2.1 (64-bit)
# SW Build 2288692 on Thu Jul 26 18:24:02 MDT 2018
# IP Build 2289599 on Thu Jul 26 21:09:20 MDT 2018
# Start of session at: Fri Nov 30 09:37:46 2018
# Process ID: 4748
# Current directory: U:/win/ELEC3500/lab/lab_9/fpga_alarm_clock/alarm_clock
# Command line: vivado.exe -gui_launcher_event rodinguilauncherevent8292 U:\win\ELEC3500\lab\lab_9\fpga_alarm_clock\alarm_clock\alarm_clock.xpr
# Log file: U:/win/ELEC3500/lab/lab_9/fpga_alarm_clock/alarm_clock/vivado.log
# Journal file: U:/win/ELEC3500/lab/lab_9/fpga_alarm_clock/alarm_clock\vivado.jou
#-----------------------------------------------------------
start_gui
open_project U:/win/ELEC3500/lab/lab_9/fpga_alarm_clock/alarm_clock/alarm_clock.xpr
INFO: [Project 1-313] Project file moved from 'C:/Users/local.bloo/Documents/repos/fpga_alarm_clock/alarm_clock' since last save.
Scanning sources...
Finished scanning sources
INFO: [IP_Flow 19-234] Refreshing IP repositories
INFO: [IP_Flow 19-1704] No user IP repositories specified
INFO: [IP_Flow 19-2313] Loaded Vivado IP repository 'C:/Xilinx/Vivado/2018.2/data/ip'.
open_project: Time (s): cpu = 00:00:15 ; elapsed = 00:00:15 . Memory (MB): peak = 877.934 ; gain = 133.691
update_compile_order -fileset sources_1
launch_simulation
INFO: [Vivado 12-5698] Checking validity of IPs in the design for the 'XSim' simulator...
INFO: [Vivado 12-5682] Launching behavioral simulation in 'U:/win/ELEC3500/lab/lab_9/fpga_alarm_clock/alarm_clock/alarm_clock.sim/sim_1/behav/xsim'
INFO: [Vivado 12-4795] Using compiled simulation libraries for IPs
INFO: [SIM-utils-51] Simulation object is 'sim_1'
INFO: [USF-XSim-7] Finding pre-compiled libraries...
INFO: [USF-XSim-11] File 'C:/Xilinx/Vivado/2018.2/data/xsim/xsim.ini' copied to run dir:'U:/win/ELEC3500/lab/lab_9/fpga_alarm_clock/alarm_clock/alarm_clock.sim/sim_1/behav/xsim'
INFO: [SIM-utils-54] Inspecting design source files for 'audio_tb' in fileset 'sim_1'...
INFO: [USF-XSim-97] Finding global include files...
INFO: [USF-XSim-98] Fetching design files from 'sim_1'...
INFO: [USF-XSim-2] XSim::Compile design
INFO: [USF-XSim-61] Executing 'COMPILE and ANALYZE' step in 'U:/win/ELEC3500/lab/lab_9/fpga_alarm_clock/alarm_clock/alarm_clock.sim/sim_1/behav/xsim'
"xvlog --incr --relax -prj audio_tb_vlog.prj"
INFO: [VRFC 10-2263] Analyzing Verilog file "U:/win/ELEC3500/lab/lab_9/fpga_alarm_clock/alarm_clock/alarm_clock.srcs/sources_1/imports/modules/count_to.v" into library xil_defaultlib
INFO: [VRFC 10-311] analyzing module count_to
INFO: [VRFC 10-2263] Analyzing Verilog file "U:/win/ELEC3500/lab/lab_9/fpga_alarm_clock/alarm_clock/alarm_clock.srcs/sources_1/new/pwm_driver.v" into library xil_defaultlib
INFO: [VRFC 10-311] analyzing module pwm_driver
INFO: [VRFC 10-2263] Analyzing Verilog file "U:/win/ELEC3500/lab/lab_9/fpga_alarm_clock/alarm_clock/alarm_clock.srcs/sources_1/new/scan_square_wave_gen.v" into library xil_defaultlib
INFO: [VRFC 10-311] analyzing module square_wave_gen
INFO: [VRFC 10-2458] undeclared symbol new_frequency, assumed default net type wire [U:/win/ELEC3500/lab/lab_9/fpga_alarm_clock/alarm_clock/alarm_clock.srcs/sources_1/new/scan_square_wave_gen.v:51]
INFO: [VRFC 10-2263] Analyzing Verilog file "U:/win/ELEC3500/lab/lab_9/fpga_alarm_clock/alarm_clock/alarm_clock.srcs/sim_1/new/audio_tb.v" into library xil_defaultlib
INFO: [VRFC 10-311] analyzing module audio_tb
INFO: [VRFC 10-2263] Analyzing Verilog file "U:/win/ELEC3500/lab/lab_9/fpga_alarm_clock/alarm_clock/alarm_clock.sim/sim_1/behav/xsim/glbl.v" into library xil_defaultlib
INFO: [VRFC 10-311] analyzing module glbl
INFO: [USF-XSim-69] 'compile' step finished in '4' seconds
INFO: [USF-XSim-3] XSim::Elaborate design
INFO: [USF-XSim-61] Executing 'ELABORATE' step in 'U:/win/ELEC3500/lab/lab_9/fpga_alarm_clock/alarm_clock/alarm_clock.sim/sim_1/behav/xsim'
Vivado Simulator 2018.2
Copyright 1986-1999, 2001-2018 Xilinx, Inc. All Rights Reserved.
Running: C:/Xilinx/Vivado/2018.2/bin/unwrapped/win64.o/xelab.exe -wto 3f18837b42b14a6ca7f31567d0a225ed --incr --debug typical --relax --mt 2 -L xil_defaultlib -L unisims_ver -L unimacro_ver -L secureip -L xpm --snapshot audio_tb_behav xil_defaultlib.audio_tb xil_defaultlib.glbl -log elaborate.log 
Using 2 slave threads.
Starting static elaboration
Completed static elaboration
Starting simulation data flow analysis
Completed simulation data flow analysis
Time Resolution for simulation is 1ps
Compiling module xil_defaultlib.count_to(COUNT_WIDTH=28,COUNT_TO...
Compiling module xil_defaultlib.square_wave_gen_default
Compiling module xil_defaultlib.pwm_driver
Compiling module xil_defaultlib.audio_tb
Compiling module xil_defaultlib.glbl
Built simulation snapshot audio_tb_behav

****** Webtalk v2018.2.1 (64-bit)
  **** SW Build 2288692 on Thu Jul 26 18:24:02 MDT 2018
  **** IP Build 2289599 on Thu Jul 26 21:09:20 MDT 2018
    ** Copyright 1986-2018 Xilinx, Inc. All Rights Reserved.

source U:/win/ELEC3500/lab/lab_9/fpga_alarm_clock/alarm_clock/alarm_clock.sim/sim_1/behav/xsim/xsim.dir/audio_tb_behav/webtalk/xsim_webtalk.tcl -notrace
INFO: [Common 17-186] 'U:/win/ELEC3500/lab/lab_9/fpga_alarm_clock/alarm_clock/alarm_clock.sim/sim_1/behav/xsim/xsim.dir/audio_tb_behav/webtalk/usage_statistics_ext_xsim.xml' has been successfully sent to Xilinx on Fri Nov 30 09:49:45 2018. For additional details about this file, please refer to the WebTalk help file at C:/Xilinx/Vivado/2018.2/doc/webtalk_introduction.html.
INFO: [Common 17-206] Exiting Webtalk at Fri Nov 30 09:49:45 2018...
run_program: Time (s): cpu = 00:00:01 ; elapsed = 00:00:14 . Memory (MB): peak = 896.883 ; gain = 0.000
INFO: [USF-XSim-69] 'elaborate' step finished in '14' seconds
INFO: [USF-XSim-4] XSim::Simulate design
INFO: [USF-XSim-61] Executing 'SIMULATE' step in 'U:/win/ELEC3500/lab/lab_9/fpga_alarm_clock/alarm_clock/alarm_clock.sim/sim_1/behav/xsim'
INFO: [USF-XSim-98] *** Running xsim
   with args "audio_tb_behav -key {Behavioral:sim_1:Functional:audio_tb} -tclbatch {audio_tb.tcl} -view {U:/win/ELEC3500/lab/lab_9/fpga_alarm_clock/alarm_clock/tob_tb_behav.wcfg} -log {simulate.log}"
INFO: [USF-XSim-8] Loading simulator feature
Vivado Simulator 2018.2
Time resolution is 1 ps
open_wave_config U:/win/ELEC3500/lab/lab_9/fpga_alarm_clock/alarm_clock/tob_tb_behav.wcfg
source audio_tb.tcl
# set curr_wave [current_wave_config]
# if { [string length $curr_wave] == 0 } {
#   if { [llength [get_objects]] > 0} {
#     add_wave /
#     set_property needs_save false [current_wave_config]
#   } else {
#      send_msg_id Add_Wave-1 WARNING "No top level signals found. Simulator will start without a wave window. If you want to open a wave window go to 'File->New Waveform Configuration' or type 'create_wave_config' in the TCL console."
#   }
# }
# run 1000ns
INFO: [USF-XSim-96] XSim completed. Design snapshot 'audio_tb_behav' loaded.
INFO: [USF-XSim-97] XSim simulation ran for 1000ns
launch_simulation: Time (s): cpu = 00:00:09 ; elapsed = 00:00:26 . Memory (MB): peak = 929.695 ; gain = 33.207
run all
save_wave_config {U:/win/ELEC3500/lab/lab_9/fpga_alarm_clock/alarm_clock/tob_tb_behav.wcfg}
save_wave_config {U:/win/ELEC3500/lab/lab_9/fpga_alarm_clock/alarm_clock/tob_tb_behav.wcfg}
save_wave_config {U:/win/ELEC3500/lab/lab_9/fpga_alarm_clock/alarm_clock/audio_tb.wcfg}
add_files -fileset sim_1 -norecurse U:/win/ELEC3500/lab/lab_9/fpga_alarm_clock/alarm_clock/audio_tb.wcfg
set_property xsim.view {U:/win/ELEC3500/lab/lab_9/fpga_alarm_clock/alarm_clock/tob_tb_behav.wcfg U:/win/ELEC3500/lab/lab_9/fpga_alarm_clock/alarm_clock/audio_tb.wcfg} [get_filesets sim_1]
relaunch_sim
suspend_sim: Time (s): cpu = 00:00:00 ; elapsed = 00:00:10 . Memory (MB): peak = 941.133 ; gain = 0.000
INFO: [Vivado 12-5698] Checking validity of IPs in the design for the 'XSim' simulator...
INFO: [Vivado 12-5682] Launching behavioral simulation in 'U:/win/ELEC3500/lab/lab_9/fpga_alarm_clock/alarm_clock/alarm_clock.sim/sim_1/behav/xsim'
INFO: [Vivado 12-4795] Using compiled simulation libraries for IPs
INFO: [SIM-utils-51] Simulation object is 'sim_1'
INFO: [USF-XSim-7] Finding pre-compiled libraries...
INFO: [USF-XSim-11] File 'C:/Xilinx/Vivado/2018.2/data/xsim/xsim.ini' copied to run dir:'U:/win/ELEC3500/lab/lab_9/fpga_alarm_clock/alarm_clock/alarm_clock.sim/sim_1/behav/xsim'
INFO: [SIM-utils-54] Inspecting design source files for 'audio_tb' in fileset 'sim_1'...
INFO: [USF-XSim-97] Finding global include files...
INFO: [USF-XSim-98] Fetching design files from 'sim_1'...
INFO: [USF-XSim-2] XSim::Compile design
INFO: [USF-XSim-61] Executing 'COMPILE and ANALYZE' step in 'U:/win/ELEC3500/lab/lab_9/fpga_alarm_clock/alarm_clock/alarm_clock.sim/sim_1/behav/xsim'
"xvlog --incr --relax -prj audio_tb_vlog.prj"
INFO: [VRFC 10-2263] Analyzing Verilog file "U:/win/ELEC3500/lab/lab_9/fpga_alarm_clock/alarm_clock/alarm_clock.srcs/sources_1/imports/modules/count_to.v" into library xil_defaultlib
INFO: [VRFC 10-311] analyzing module count_to
INFO: [VRFC 10-2263] Analyzing Verilog file "U:/win/ELEC3500/lab/lab_9/fpga_alarm_clock/alarm_clock/alarm_clock.srcs/sources_1/new/pwm_driver.v" into library xil_defaultlib
INFO: [VRFC 10-311] analyzing module pwm_driver
INFO: [VRFC 10-2263] Analyzing Verilog file "U:/win/ELEC3500/lab/lab_9/fpga_alarm_clock/alarm_clock/alarm_clock.srcs/sources_1/new/scan_square_wave_gen.v" into library xil_defaultlib
INFO: [VRFC 10-311] analyzing module square_wave_gen
INFO: [VRFC 10-2458] undeclared symbol new_frequency, assumed default net type wire [U:/win/ELEC3500/lab/lab_9/fpga_alarm_clock/alarm_clock/alarm_clock.srcs/sources_1/new/scan_square_wave_gen.v:51]
INFO: [VRFC 10-2263] Analyzing Verilog file "U:/win/ELEC3500/lab/lab_9/fpga_alarm_clock/alarm_clock/alarm_clock.srcs/sim_1/new/audio_tb.v" into library xil_defaultlib
INFO: [VRFC 10-311] analyzing module audio_tb
INFO: [USF-XSim-69] 'compile' step finished in '3' seconds
INFO: [Vivado 12-5698] Checking validity of IPs in the design for the 'XSim' simulator...
INFO: [Vivado 12-5682] Launching behavioral simulation in 'U:/win/ELEC3500/lab/lab_9/fpga_alarm_clock/alarm_clock/alarm_clock.sim/sim_1/behav/xsim'
INFO: [Vivado 12-4795] Using compiled simulation libraries for IPs
INFO: [USF-XSim-3] XSim::Elaborate design
INFO: [USF-XSim-61] Executing 'ELABORATE' step in 'U:/win/ELEC3500/lab/lab_9/fpga_alarm_clock/alarm_clock/alarm_clock.sim/sim_1/behav/xsim'
Vivado Simulator 2018.2
Copyright 1986-1999, 2001-2018 Xilinx, Inc. All Rights Reserved.
Running: C:/Xilinx/Vivado/2018.2/bin/unwrapped/win64.o/xelab.exe -wto 3f18837b42b14a6ca7f31567d0a225ed --incr --debug typical --relax --mt 2 -L xil_defaultlib -L unisims_ver -L unimacro_ver -L secureip -L xpm --snapshot audio_tb_behav xil_defaultlib.audio_tb xil_defaultlib.glbl -log elaborate.log 
Using 2 slave threads.
Starting static elaboration
Completed static elaboration
Starting simulation data flow analysis
Completed simulation data flow analysis
Time Resolution for simulation is 1ps
Compiling module xil_defaultlib.count_to(COUNT_WIDTH=28,COUNT_TO...
Compiling module xil_defaultlib.count_to(COUNT_WIDTH=28,COUNT_TO...
Compiling module xil_defaultlib.square_wave_gen_default
Compiling module xil_defaultlib.pwm_driver
Compiling module xil_defaultlib.audio_tb
Compiling module xil_defaultlib.glbl
Built simulation snapshot audio_tb_behav
run_program: Time (s): cpu = 00:00:00 ; elapsed = 00:00:07 . Memory (MB): peak = 941.133 ; gain = 0.000
INFO: [USF-XSim-69] 'elaborate' step finished in '6' seconds
launch_simulation: Time (s): cpu = 00:00:00 ; elapsed = 00:00:08 . Memory (MB): peak = 941.133 ; gain = 0.000
Vivado Simulator 2018.2
Time resolution is 1 ps
relaunch_sim: Time (s): cpu = 00:00:02 ; elapsed = 00:00:24 . Memory (MB): peak = 941.133 ; gain = 0.000
run all
run: Time (s): cpu = 00:00:06 ; elapsed = 00:00:06 . Memory (MB): peak = 941.297 ; gain = 0.164
run all
run: Time (s): cpu = 00:00:39 ; elapsed = 00:00:39 . Memory (MB): peak = 947.824 ; gain = 3.586
current_wave_config {audio_tb.wcfg}
U:/win/ELEC3500/lab/lab_9/fpga_alarm_clock/alarm_clock/audio_tb.wcfg
add_wave {{/audio_tb/swg/current_period}} 
relaunch_sim
INFO: [Vivado 12-5698] Checking validity of IPs in the design for the 'XSim' simulator...
INFO: [Vivado 12-5682] Launching behavioral simulation in 'U:/win/ELEC3500/lab/lab_9/fpga_alarm_clock/alarm_clock/alarm_clock.sim/sim_1/behav/xsim'
INFO: [Vivado 12-4795] Using compiled simulation libraries for IPs
INFO: [SIM-utils-51] Simulation object is 'sim_1'
INFO: [USF-XSim-7] Finding pre-compiled libraries...
INFO: [USF-XSim-11] File 'C:/Xilinx/Vivado/2018.2/data/xsim/xsim.ini' copied to run dir:'U:/win/ELEC3500/lab/lab_9/fpga_alarm_clock/alarm_clock/alarm_clock.sim/sim_1/behav/xsim'
INFO: [SIM-utils-54] Inspecting design source files for 'audio_tb' in fileset 'sim_1'...
INFO: [USF-XSim-97] Finding global include files...
INFO: [USF-XSim-98] Fetching design files from 'sim_1'...
INFO: [USF-XSim-2] XSim::Compile design
INFO: [USF-XSim-61] Executing 'COMPILE and ANALYZE' step in 'U:/win/ELEC3500/lab/lab_9/fpga_alarm_clock/alarm_clock/alarm_clock.sim/sim_1/behav/xsim'
"xvlog --incr --relax -prj audio_tb_vlog.prj"
INFO: [USF-XSim-69] 'compile' step finished in '2' seconds
launch_simulation: Time (s): cpu = 00:00:01 ; elapsed = 00:00:05 . Memory (MB): peak = 951.238 ; gain = 0.000
INFO: [Vivado 12-5698] Checking validity of IPs in the design for the 'XSim' simulator...
INFO: [Vivado 12-5682] Launching behavioral simulation in 'U:/win/ELEC3500/lab/lab_9/fpga_alarm_clock/alarm_clock/alarm_clock.sim/sim_1/behav/xsim'
INFO: [Vivado 12-4795] Using compiled simulation libraries for IPs
INFO: [USF-XSim-3] XSim::Elaborate design
INFO: [USF-XSim-61] Executing 'ELABORATE' step in 'U:/win/ELEC3500/lab/lab_9/fpga_alarm_clock/alarm_clock/alarm_clock.sim/sim_1/behav/xsim'
Vivado Simulator 2018.2
Copyright 1986-1999, 2001-2018 Xilinx, Inc. All Rights Reserved.
Running: C:/Xilinx/Vivado/2018.2/bin/unwrapped/win64.o/xelab.exe -wto 3f18837b42b14a6ca7f31567d0a225ed --incr --debug typical --relax --mt 2 -L xil_defaultlib -L unisims_ver -L unimacro_ver -L secureip -L xpm --snapshot audio_tb_behav xil_defaultlib.audio_tb xil_defaultlib.glbl -log elaborate.log 
Using 2 slave threads.
Starting static elaboration
Completed static elaboration
INFO: [XSIM 43-4323] No Change in HDL. Linking previously generated obj files to create kernel
INFO: [USF-XSim-69] 'elaborate' step finished in '3' seconds
launch_simulation: Time (s): cpu = 00:00:00 ; elapsed = 00:00:05 . Memory (MB): peak = 951.238 ; gain = 0.000
Vivado Simulator 2018.2
Time resolution is 1 ps
relaunch_sim: Time (s): cpu = 00:00:01 ; elapsed = 00:00:16 . Memory (MB): peak = 951.238 ; gain = 0.000
run all
run: Time (s): cpu = 00:00:08 ; elapsed = 00:00:07 . Memory (MB): peak = 951.238 ; gain = 0.000
relaunch_sim
INFO: [Vivado 12-5698] Checking validity of IPs in the design for the 'XSim' simulator...
INFO: [Vivado 12-5682] Launching behavioral simulation in 'U:/win/ELEC3500/lab/lab_9/fpga_alarm_clock/alarm_clock/alarm_clock.sim/sim_1/behav/xsim'
INFO: [Vivado 12-4795] Using compiled simulation libraries for IPs
INFO: [SIM-utils-51] Simulation object is 'sim_1'
INFO: [USF-XSim-7] Finding pre-compiled libraries...
INFO: [USF-XSim-11] File 'C:/Xilinx/Vivado/2018.2/data/xsim/xsim.ini' copied to run dir:'U:/win/ELEC3500/lab/lab_9/fpga_alarm_clock/alarm_clock/alarm_clock.sim/sim_1/behav/xsim'
INFO: [SIM-utils-54] Inspecting design source files for 'audio_tb' in fileset 'sim_1'...
INFO: [USF-XSim-97] Finding global include files...
INFO: [USF-XSim-98] Fetching design files from 'sim_1'...
INFO: [USF-XSim-2] XSim::Compile design
INFO: [USF-XSim-61] Executing 'COMPILE and ANALYZE' step in 'U:/win/ELEC3500/lab/lab_9/fpga_alarm_clock/alarm_clock/alarm_clock.sim/sim_1/behav/xsim'
"xvlog --incr --relax -prj audio_tb_vlog.prj"
INFO: [VRFC 10-2263] Analyzing Verilog file "U:/win/ELEC3500/lab/lab_9/fpga_alarm_clock/alarm_clock/alarm_clock.srcs/sources_1/imports/modules/count_to.v" into library xil_defaultlib
INFO: [VRFC 10-311] analyzing module count_to
INFO: [VRFC 10-2263] Analyzing Verilog file "U:/win/ELEC3500/lab/lab_9/fpga_alarm_clock/alarm_clock/alarm_clock.srcs/sources_1/new/pwm_driver.v" into library xil_defaultlib
INFO: [VRFC 10-311] analyzing module pwm_driver
INFO: [VRFC 10-2263] Analyzing Verilog file "U:/win/ELEC3500/lab/lab_9/fpga_alarm_clock/alarm_clock/alarm_clock.srcs/sources_1/new/scan_square_wave_gen.v" into library xil_defaultlib
INFO: [VRFC 10-311] analyzing module square_wave_gen
INFO: [VRFC 10-2458] undeclared symbol new_frequency, assumed default net type wire [U:/win/ELEC3500/lab/lab_9/fpga_alarm_clock/alarm_clock/alarm_clock.srcs/sources_1/new/scan_square_wave_gen.v:51]
INFO: [VRFC 10-2263] Analyzing Verilog file "U:/win/ELEC3500/lab/lab_9/fpga_alarm_clock/alarm_clock/alarm_clock.srcs/sim_1/new/audio_tb.v" into library xil_defaultlib
INFO: [VRFC 10-311] analyzing module audio_tb
INFO: [USF-XSim-69] 'compile' step finished in '2' seconds
INFO: [Vivado 12-5698] Checking validity of IPs in the design for the 'XSim' simulator...
INFO: [Vivado 12-5682] Launching behavioral simulation in 'U:/win/ELEC3500/lab/lab_9/fpga_alarm_clock/alarm_clock/alarm_clock.sim/sim_1/behav/xsim'
INFO: [Vivado 12-4795] Using compiled simulation libraries for IPs
INFO: [USF-XSim-3] XSim::Elaborate design
INFO: [USF-XSim-61] Executing 'ELABORATE' step in 'U:/win/ELEC3500/lab/lab_9/fpga_alarm_clock/alarm_clock/alarm_clock.sim/sim_1/behav/xsim'
Vivado Simulator 2018.2
Copyright 1986-1999, 2001-2018 Xilinx, Inc. All Rights Reserved.
Running: C:/Xilinx/Vivado/2018.2/bin/unwrapped/win64.o/xelab.exe -wto 3f18837b42b14a6ca7f31567d0a225ed --incr --debug typical --relax --mt 2 -L xil_defaultlib -L unisims_ver -L unimacro_ver -L secureip -L xpm --snapshot audio_tb_behav xil_defaultlib.audio_tb xil_defaultlib.glbl -log elaborate.log 
Using 2 slave threads.
Starting static elaboration
Completed static elaboration
Starting simulation data flow analysis
Completed simulation data flow analysis
Time Resolution for simulation is 1ps
Compiling module xil_defaultlib.count_to(COUNT_WIDTH=28,COUNT_TO...
Compiling module xil_defaultlib.square_wave_gen_default
Compiling module xil_defaultlib.pwm_driver
Compiling module xil_defaultlib.audio_tb
Compiling module xil_defaultlib.glbl
Built simulation snapshot audio_tb_behav
run_program: Time (s): cpu = 00:00:00 ; elapsed = 00:00:06 . Memory (MB): peak = 963.113 ; gain = 0.000
INFO: [USF-XSim-69] 'elaborate' step finished in '6' seconds
launch_simulation: Time (s): cpu = 00:00:00 ; elapsed = 00:00:08 . Memory (MB): peak = 963.113 ; gain = 0.000
Vivado Simulator 2018.2
Time resolution is 1 ps
relaunch_sim: Time (s): cpu = 00:00:02 ; elapsed = 00:00:18 . Memory (MB): peak = 963.113 ; gain = 0.000
run all
run: Time (s): cpu = 00:00:37 ; elapsed = 00:00:37 . Memory (MB): peak = 963.113 ; gain = 0.000
run all
run: Time (s): cpu = 00:29:37 ; elapsed = 00:32:46 . Memory (MB): peak = 982.305 ; gain = 19.191
close [ open U:/win/ELEC3500/lab/lab_9/fpga_alarm_clock/alarm_clock/alarm_clock.srcs/sources_1/new/min_to_bcd_encoder.v w ]
add_files U:/win/ELEC3500/lab/lab_9/fpga_alarm_clock/alarm_clock/alarm_clock.srcs/sources_1/new/min_to_bcd_encoder.v
update_compile_order -fileset sources_1
update_compile_order -fileset sources_1
