#-----------------------------------------------------------
# Vivado v2018.2 (64-bit)
# SW Build 2258646 on Thu Jun 14 20:03:12 MDT 2018
# IP Build 2256618 on Thu Jun 14 22:10:49 MDT 2018
# Start of session at: Fri Nov 16 15:06:47 2018
# Process ID: 24876
# Current directory: C:/Users/local.bloo/Google Drive/UNI/18F/ELEC_3500/ELEC_3500_Labs/lab_9/alarm_clock
# Command line: vivado.exe -gui_launcher_event rodinguilauncherevent9168 C:\Users\local.bloo\Google Drive\UNI\18F\ELEC_3500\ELEC_3500_Labs\lab_9\alarm_clock\alarm_clock.xpr
# Log file: C:/Users/local.bloo/Google Drive/UNI/18F/ELEC_3500/ELEC_3500_Labs/lab_9/alarm_clock/vivado.log
# Journal file: C:/Users/local.bloo/Google Drive/UNI/18F/ELEC_3500/ELEC_3500_Labs/lab_9/alarm_clock\vivado.jou
#-----------------------------------------------------------
start_gui
open_project {C:/Users/local.bloo/Google Drive/UNI/18F/ELEC_3500/ELEC_3500_Labs/lab_9/alarm_clock/alarm_clock.xpr}
INFO: [ProjectBase 1-489] The host OS only allows 260 characters in a normal path. The project is stored in a path with more than 80 characters. If you experience issues with IP, Block Designs, or files not being found, please consider moving the project to a location with a shorter path. Alternately consider using the OS subst command to map part of the path to a drive letter.
Current project path is 'C:/Users/local.bloo/Google Drive/UNI/18F/ELEC_3500/ELEC_3500_Labs/lab_9/alarm_clock'
INFO: [Project 1-313] Project file moved from 'E:/Documents/Google/UNI/18F/ELEC_3500/ELEC_3500_Labs/lab_9/alarm_clock' since last save.
Scanning sources...
Finished scanning sources
INFO: [IP_Flow 19-234] Refreshing IP repositories
INFO: [IP_Flow 19-1704] No user IP repositories specified
INFO: [IP_Flow 19-2313] Loaded Vivado IP repository 'C:/Xilinx/Vivado/2018.2/data/ip'.
open_project: Time (s): cpu = 00:00:17 ; elapsed = 00:00:15 . Memory (MB): peak = 802.504 ; gain = 129.195
update_compile_order -fileset sources_1
synth_design -rtl -name rtl_1
Command: synth_design -rtl -name rtl_1
0 Infos, 0 Warnings, 0 Critical Warnings and 1 Errors encountered.
synth_design failed
ERROR: [Common 17-1293] The path 'C:/Users/local.bloo/Google Drive/UNI/18F/ELEC_3500/ELEC_3500_Labs/lab_9/alarm_clock/alarm_clock.cache/wt' already exists, is a directory, but is not writable.
synth_design -rtl -name rtl_1
Command: synth_design -rtl -name rtl_1
Starting synth_design
Using part: xc7a100tcsg324-1
Top: top
---------------------------------------------------------------------------------
Starting RTL Elaboration : Time (s): cpu = 00:00:05 ; elapsed = 00:00:05 . Memory (MB): peak = 886.906 ; gain = 71.168
---------------------------------------------------------------------------------
INFO: [Synth 8-6157] synthesizing module 'top' [C:/Users/local.bloo/Google Drive/UNI/18F/ELEC_3500/ELEC_3500_Labs/lab_9/alarm_clock/alarm_clock.srcs/sources_1/new/top.v:23]
INFO: [Synth 8-6157] synthesizing module 'debounce' [C:/Users/local.bloo/Google Drive/UNI/18F/ELEC_3500/ELEC_3500_Labs/lab_9/alarm_clock/alarm_clock.srcs/sources_1/new/debounce.v:21]
	Parameter COUNT_BITS bound to: 16 - type: integer 
	Parameter CLKS_TO_COUNT bound to: 50000 - type: integer 
WARNING: [Synth 8-5788] Register d_prev_reg in module debounce is has both Set and reset with same priority. This may cause simulation mismatches. Consider rewriting code  [C:/Users/local.bloo/Google Drive/UNI/18F/ELEC_3500/ELEC_3500_Labs/lab_9/alarm_clock/alarm_clock.srcs/sources_1/new/debounce.v:42]
INFO: [Synth 8-6155] done synthesizing module 'debounce' (1#1) [C:/Users/local.bloo/Google Drive/UNI/18F/ELEC_3500/ELEC_3500_Labs/lab_9/alarm_clock/alarm_clock.srcs/sources_1/new/debounce.v:21]
INFO: [Synth 8-6157] synthesizing module 'clk_wiz_0' [C:/Users/local.bloo/Google Drive/UNI/18F/ELEC_3500/ELEC_3500_Labs/lab_9/alarm_clock/.Xil/Vivado-24876-Melchoir/realtime/clk_wiz_0_stub.v:5]
INFO: [Synth 8-6155] done synthesizing module 'clk_wiz_0' (2#1) [C:/Users/local.bloo/Google Drive/UNI/18F/ELEC_3500/ELEC_3500_Labs/lab_9/alarm_clock/.Xil/Vivado-24876-Melchoir/realtime/clk_wiz_0_stub.v:5]
INFO: [Synth 8-6157] synthesizing module 'count_to' [C:/Users/local.bloo/Google Drive/UNI/18F/ELEC_3500/ELEC_3500_Labs/lab_9/alarm_clock/alarm_clock.srcs/sources_1/imports/modules/count_to.v:23]
	Parameter COUNT_WIDTH bound to: 24 - type: integer 
	Parameter COUNT_TO bound to: 5000000 - type: integer 
INFO: [Synth 8-6155] done synthesizing module 'count_to' (3#1) [C:/Users/local.bloo/Google Drive/UNI/18F/ELEC_3500/ELEC_3500_Labs/lab_9/alarm_clock/alarm_clock.srcs/sources_1/imports/modules/count_to.v:23]
WARNING: [Synth 8-350] instance 'en_1Hz_count' of module 'count_to' requires 5 connections, but only 4 given [C:/Users/local.bloo/Google Drive/UNI/18F/ELEC_3500/ELEC_3500_Labs/lab_9/alarm_clock/alarm_clock.srcs/sources_1/new/top.v:74]
INFO: [Synth 8-6157] synthesizing module 'count_to__parameterized0' [C:/Users/local.bloo/Google Drive/UNI/18F/ELEC_3500/ELEC_3500_Labs/lab_9/alarm_clock/alarm_clock.srcs/sources_1/imports/modules/count_to.v:23]
	Parameter COUNT_WIDTH bound to: 6 - type: integer 
	Parameter COUNT_TO bound to: 59 - type: integer 
INFO: [Synth 8-6155] done synthesizing module 'count_to__parameterized0' (3#1) [C:/Users/local.bloo/Google Drive/UNI/18F/ELEC_3500/ELEC_3500_Labs/lab_9/alarm_clock/alarm_clock.srcs/sources_1/imports/modules/count_to.v:23]
WARNING: [Synth 8-350] instance 'count_seconds' of module 'count_to' requires 5 connections, but only 4 given [C:/Users/local.bloo/Google Drive/UNI/18F/ELEC_3500/ELEC_3500_Labs/lab_9/alarm_clock/alarm_clock.srcs/sources_1/new/top.v:81]
INFO: [Synth 8-6157] synthesizing module 'clock_counter' [C:/Users/local.bloo/Google Drive/UNI/18F/ELEC_3500/ELEC_3500_Labs/lab_9/alarm_clock/alarm_clock.srcs/sources_1/new/clock_counter.v:22]
INFO: [Synth 8-6157] synthesizing module 'count_to__parameterized1' [C:/Users/local.bloo/Google Drive/UNI/18F/ELEC_3500/ELEC_3500_Labs/lab_9/alarm_clock/alarm_clock.srcs/sources_1/imports/modules/count_to.v:23]
	Parameter COUNT_WIDTH bound to: 4 - type: integer 
	Parameter COUNT_TO bound to: 9 - type: integer 
INFO: [Synth 8-6155] done synthesizing module 'count_to__parameterized1' (3#1) [C:/Users/local.bloo/Google Drive/UNI/18F/ELEC_3500/ELEC_3500_Labs/lab_9/alarm_clock/alarm_clock.srcs/sources_1/imports/modules/count_to.v:23]
WARNING: [Synth 8-689] width (5) of port connection 'm' does not match port width (4) of module 'count_to__parameterized1' [C:/Users/local.bloo/Google Drive/UNI/18F/ELEC_3500/ELEC_3500_Labs/lab_9/alarm_clock/alarm_clock.srcs/sources_1/new/clock_counter.v:51]
INFO: [Synth 8-6157] synthesizing module 'count_to__parameterized2' [C:/Users/local.bloo/Google Drive/UNI/18F/ELEC_3500/ELEC_3500_Labs/lab_9/alarm_clock/alarm_clock.srcs/sources_1/imports/modules/count_to.v:23]
	Parameter COUNT_WIDTH bound to: 4 - type: integer 
	Parameter COUNT_TO bound to: 5 - type: integer 
INFO: [Synth 8-6155] done synthesizing module 'count_to__parameterized2' (3#1) [C:/Users/local.bloo/Google Drive/UNI/18F/ELEC_3500/ELEC_3500_Labs/lab_9/alarm_clock/alarm_clock.srcs/sources_1/imports/modules/count_to.v:23]
WARNING: [Synth 8-689] width (5) of port connection 'm' does not match port width (4) of module 'count_to__parameterized2' [C:/Users/local.bloo/Google Drive/UNI/18F/ELEC_3500/ELEC_3500_Labs/lab_9/alarm_clock/alarm_clock.srcs/sources_1/new/clock_counter.v:59]
INFO: [Synth 8-6157] synthesizing module 'count_to__parameterized3' [C:/Users/local.bloo/Google Drive/UNI/18F/ELEC_3500/ELEC_3500_Labs/lab_9/alarm_clock/alarm_clock.srcs/sources_1/imports/modules/count_to.v:23]
	Parameter COUNT_WIDTH bound to: 5 - type: integer 
	Parameter COUNT_TO bound to: 24 - type: integer 
INFO: [Synth 8-6155] done synthesizing module 'count_to__parameterized3' (3#1) [C:/Users/local.bloo/Google Drive/UNI/18F/ELEC_3500/ELEC_3500_Labs/lab_9/alarm_clock/alarm_clock.srcs/sources_1/imports/modules/count_to.v:23]
WARNING: [Synth 8-689] width (6) of port connection 'm' does not match port width (5) of module 'count_to__parameterized3' [C:/Users/local.bloo/Google Drive/UNI/18F/ELEC_3500/ELEC_3500_Labs/lab_9/alarm_clock/alarm_clock.srcs/sources_1/new/clock_counter.v:67]
WARNING: [Synth 8-350] instance 'count_hours' of module 'count_to' requires 5 connections, but only 4 given [C:/Users/local.bloo/Google Drive/UNI/18F/ELEC_3500/ELEC_3500_Labs/lab_9/alarm_clock/alarm_clock.srcs/sources_1/new/clock_counter.v:63]
INFO: [Synth 8-6157] synthesizing module 'increment_driver' [C:/Users/local.bloo/Google Drive/UNI/18F/ELEC_3500/ELEC_3500_Labs/lab_9/alarm_clock/alarm_clock.srcs/sources_1/new/increment_driver.v:23]
INFO: [Synth 8-6155] done synthesizing module 'increment_driver' (4#1) [C:/Users/local.bloo/Google Drive/UNI/18F/ELEC_3500/ELEC_3500_Labs/lab_9/alarm_clock/alarm_clock.srcs/sources_1/new/increment_driver.v:23]
INFO: [Synth 8-6157] synthesizing module 'hours_to_bcd_encoder' [C:/Users/local.bloo/Google Drive/UNI/18F/ELEC_3500/ELEC_3500_Labs/lab_9/alarm_clock/alarm_clock.srcs/sources_1/new/hours_to_bcd_encoder.v:23]
INFO: [Synth 8-6155] done synthesizing module 'hours_to_bcd_encoder' (5#1) [C:/Users/local.bloo/Google Drive/UNI/18F/ELEC_3500/ELEC_3500_Labs/lab_9/alarm_clock/alarm_clock.srcs/sources_1/new/hours_to_bcd_encoder.v:23]
WARNING: [Synth 8-689] width (6) of port connection 'h' does not match port width (5) of module 'hours_to_bcd_encoder' [C:/Users/local.bloo/Google Drive/UNI/18F/ELEC_3500/ELEC_3500_Labs/lab_9/alarm_clock/alarm_clock.srcs/sources_1/new/clock_counter.v:94]
WARNING: [Synth 8-689] width (11) of port connection 'bcd' does not match port width (9) of module 'hours_to_bcd_encoder' [C:/Users/local.bloo/Google Drive/UNI/18F/ELEC_3500/ELEC_3500_Labs/lab_9/alarm_clock/alarm_clock.srcs/sources_1/new/clock_counter.v:95]
INFO: [Synth 8-6155] done synthesizing module 'clock_counter' (6#1) [C:/Users/local.bloo/Google Drive/UNI/18F/ELEC_3500/ELEC_3500_Labs/lab_9/alarm_clock/alarm_clock.srcs/sources_1/new/clock_counter.v:22]
INFO: [Synth 8-6157] synthesizing module 'master_controller' [C:/Users/local.bloo/Google Drive/UNI/18F/ELEC_3500/ELEC_3500_Labs/lab_9/alarm_clock/alarm_clock.srcs/sources_1/new/master_controller.v:22]
INFO: [Synth 8-6155] done synthesizing module 'master_controller' (7#1) [C:/Users/local.bloo/Google Drive/UNI/18F/ELEC_3500/ELEC_3500_Labs/lab_9/alarm_clock/alarm_clock.srcs/sources_1/new/master_controller.v:22]
INFO: [Synth 8-6157] synthesizing module 'display_mux' [C:/Users/local.bloo/Google Drive/UNI/18F/ELEC_3500/ELEC_3500_Labs/lab_9/alarm_clock/alarm_clock.srcs/sources_1/new/diplay_mux.v:21]
INFO: [Synth 8-6155] done synthesizing module 'display_mux' (8#1) [C:/Users/local.bloo/Google Drive/UNI/18F/ELEC_3500/ELEC_3500_Labs/lab_9/alarm_clock/alarm_clock.srcs/sources_1/new/diplay_mux.v:21]
WARNING: [Synth 8-689] width (17) of port connection 'q' does not match port width (16) of module 'display_mux' [C:/Users/local.bloo/Google Drive/UNI/18F/ELEC_3500/ELEC_3500_Labs/lab_9/alarm_clock/alarm_clock.srcs/sources_1/new/top.v:127]
WARNING: [Synth 8-350] instance 'dm' of module 'display_mux' requires 5 connections, but only 3 given [C:/Users/local.bloo/Google Drive/UNI/18F/ELEC_3500/ELEC_3500_Labs/lab_9/alarm_clock/alarm_clock.srcs/sources_1/new/top.v:125]
INFO: [Synth 8-6157] synthesizing module 'seg_driver' [C:/Users/local.bloo/Google Drive/UNI/18F/ELEC_3500/ELEC_3500_Labs/lab_9/alarm_clock/alarm_clock.srcs/sources_1/new/seg_driver.v:22]
	Parameter NUM_SEG bound to: 4 - type: integer 
WARNING: [Synth 8-3848] Net bcd_array[7] in module/entity seg_driver does not have driver. [C:/Users/local.bloo/Google Drive/UNI/18F/ELEC_3500/ELEC_3500_Labs/lab_9/alarm_clock/alarm_clock.srcs/sources_1/new/seg_driver.v:35]
WARNING: [Synth 8-3848] Net bcd_array[6] in module/entity seg_driver does not have driver. [C:/Users/local.bloo/Google Drive/UNI/18F/ELEC_3500/ELEC_3500_Labs/lab_9/alarm_clock/alarm_clock.srcs/sources_1/new/seg_driver.v:35]
WARNING: [Synth 8-3848] Net bcd_array[5] in module/entity seg_driver does not have driver. [C:/Users/local.bloo/Google Drive/UNI/18F/ELEC_3500/ELEC_3500_Labs/lab_9/alarm_clock/alarm_clock.srcs/sources_1/new/seg_driver.v:35]
WARNING: [Synth 8-3848] Net bcd_array[4] in module/entity seg_driver does not have driver. [C:/Users/local.bloo/Google Drive/UNI/18F/ELEC_3500/ELEC_3500_Labs/lab_9/alarm_clock/alarm_clock.srcs/sources_1/new/seg_driver.v:35]
INFO: [Synth 8-6155] done synthesizing module 'seg_driver' (9#1) [C:/Users/local.bloo/Google Drive/UNI/18F/ELEC_3500/ELEC_3500_Labs/lab_9/alarm_clock/alarm_clock.srcs/sources_1/new/seg_driver.v:22]
WARNING: [Synth 8-689] width (17) of port connection 'bcd' does not match port width (16) of module 'seg_driver' [C:/Users/local.bloo/Google Drive/UNI/18F/ELEC_3500/ELEC_3500_Labs/lab_9/alarm_clock/alarm_clock.srcs/sources_1/new/top.v:135]
INFO: [Synth 8-6155] done synthesizing module 'top' (10#1) [C:/Users/local.bloo/Google Drive/UNI/18F/ELEC_3500/ELEC_3500_Labs/lab_9/alarm_clock/alarm_clock.srcs/sources_1/new/top.v:23]
WARNING: [Synth 8-3331] design display_mux has unconnected port d_time[16]
WARNING: [Synth 8-3331] design display_mux has unconnected port d_alarm[16]
WARNING: [Synth 8-3331] design increment_driver has unconnected port rst
---------------------------------------------------------------------------------
Finished RTL Elaboration : Time (s): cpu = 00:00:06 ; elapsed = 00:00:06 . Memory (MB): peak = 942.578 ; gain = 126.840
---------------------------------------------------------------------------------

Report Check Netlist: 
+------+------------------+-------+---------+-------+------------------+
|      |Item              |Errors |Warnings |Status |Description       |
+------+------------------+-------+---------+-------+------------------+
|1     |multi_driven_nets |      0|        0|Passed |Multi driven nets |
+------+------------------+-------+---------+-------+------------------+
WARNING: [Synth 8-3295] tying undriven pin dm:d_alarm[15] to constant 0 [C:/Users/local.bloo/Google Drive/UNI/18F/ELEC_3500/ELEC_3500_Labs/lab_9/alarm_clock/alarm_clock.srcs/sources_1/new/top.v:125]
WARNING: [Synth 8-3295] tying undriven pin dm:d_alarm[14] to constant 0 [C:/Users/local.bloo/Google Drive/UNI/18F/ELEC_3500/ELEC_3500_Labs/lab_9/alarm_clock/alarm_clock.srcs/sources_1/new/top.v:125]
WARNING: [Synth 8-3295] tying undriven pin dm:d_alarm[13] to constant 0 [C:/Users/local.bloo/Google Drive/UNI/18F/ELEC_3500/ELEC_3500_Labs/lab_9/alarm_clock/alarm_clock.srcs/sources_1/new/top.v:125]
WARNING: [Synth 8-3295] tying undriven pin dm:d_alarm[12] to constant 0 [C:/Users/local.bloo/Google Drive/UNI/18F/ELEC_3500/ELEC_3500_Labs/lab_9/alarm_clock/alarm_clock.srcs/sources_1/new/top.v:125]
WARNING: [Synth 8-3295] tying undriven pin dm:d_alarm[11] to constant 0 [C:/Users/local.bloo/Google Drive/UNI/18F/ELEC_3500/ELEC_3500_Labs/lab_9/alarm_clock/alarm_clock.srcs/sources_1/new/top.v:125]
WARNING: [Synth 8-3295] tying undriven pin dm:d_alarm[10] to constant 0 [C:/Users/local.bloo/Google Drive/UNI/18F/ELEC_3500/ELEC_3500_Labs/lab_9/alarm_clock/alarm_clock.srcs/sources_1/new/top.v:125]
WARNING: [Synth 8-3295] tying undriven pin dm:d_alarm[9] to constant 0 [C:/Users/local.bloo/Google Drive/UNI/18F/ELEC_3500/ELEC_3500_Labs/lab_9/alarm_clock/alarm_clock.srcs/sources_1/new/top.v:125]
WARNING: [Synth 8-3295] tying undriven pin dm:d_alarm[8] to constant 0 [C:/Users/local.bloo/Google Drive/UNI/18F/ELEC_3500/ELEC_3500_Labs/lab_9/alarm_clock/alarm_clock.srcs/sources_1/new/top.v:125]
WARNING: [Synth 8-3295] tying undriven pin dm:d_alarm[7] to constant 0 [C:/Users/local.bloo/Google Drive/UNI/18F/ELEC_3500/ELEC_3500_Labs/lab_9/alarm_clock/alarm_clock.srcs/sources_1/new/top.v:125]
WARNING: [Synth 8-3295] tying undriven pin dm:d_alarm[6] to constant 0 [C:/Users/local.bloo/Google Drive/UNI/18F/ELEC_3500/ELEC_3500_Labs/lab_9/alarm_clock/alarm_clock.srcs/sources_1/new/top.v:125]
WARNING: [Synth 8-3295] tying undriven pin dm:d_alarm[5] to constant 0 [C:/Users/local.bloo/Google Drive/UNI/18F/ELEC_3500/ELEC_3500_Labs/lab_9/alarm_clock/alarm_clock.srcs/sources_1/new/top.v:125]
WARNING: [Synth 8-3295] tying undriven pin dm:d_alarm[4] to constant 0 [C:/Users/local.bloo/Google Drive/UNI/18F/ELEC_3500/ELEC_3500_Labs/lab_9/alarm_clock/alarm_clock.srcs/sources_1/new/top.v:125]
WARNING: [Synth 8-3295] tying undriven pin dm:d_alarm[3] to constant 0 [C:/Users/local.bloo/Google Drive/UNI/18F/ELEC_3500/ELEC_3500_Labs/lab_9/alarm_clock/alarm_clock.srcs/sources_1/new/top.v:125]
WARNING: [Synth 8-3295] tying undriven pin dm:d_alarm[2] to constant 0 [C:/Users/local.bloo/Google Drive/UNI/18F/ELEC_3500/ELEC_3500_Labs/lab_9/alarm_clock/alarm_clock.srcs/sources_1/new/top.v:125]
WARNING: [Synth 8-3295] tying undriven pin dm:d_alarm[1] to constant 0 [C:/Users/local.bloo/Google Drive/UNI/18F/ELEC_3500/ELEC_3500_Labs/lab_9/alarm_clock/alarm_clock.srcs/sources_1/new/top.v:125]
WARNING: [Synth 8-3295] tying undriven pin dm:d_alarm[0] to constant 0 [C:/Users/local.bloo/Google Drive/UNI/18F/ELEC_3500/ELEC_3500_Labs/lab_9/alarm_clock/alarm_clock.srcs/sources_1/new/top.v:125]
WARNING: [Synth 8-3295] tying undriven pin dm:s to constant 0 [C:/Users/local.bloo/Google Drive/UNI/18F/ELEC_3500/ELEC_3500_Labs/lab_9/alarm_clock/alarm_clock.srcs/sources_1/new/top.v:125]
---------------------------------------------------------------------------------
Start Handling Custom Attributes
---------------------------------------------------------------------------------
---------------------------------------------------------------------------------
Finished Handling Custom Attributes : Time (s): cpu = 00:00:06 ; elapsed = 00:00:06 . Memory (MB): peak = 942.578 ; gain = 126.840
---------------------------------------------------------------------------------
---------------------------------------------------------------------------------
Finished RTL Optimization Phase 1 : Time (s): cpu = 00:00:06 ; elapsed = 00:00:06 . Memory (MB): peak = 942.578 ; gain = 126.840
---------------------------------------------------------------------------------
INFO: [Project 1-454] Reading design checkpoint 'c:/Users/local.bloo/Google Drive/UNI/18F/ELEC_3500/ELEC_3500_Labs/lab_9/alarm_clock/alarm_clock.srcs/sources_1/ip/clk_wiz_0/clk_wiz_0.dcp' for cell 'clk_wiz'
INFO: [Netlist 29-17] Analyzing 2 Unisim elements for replacement
INFO: [Netlist 29-28] Unisim Transformation completed in 0 CPU seconds
INFO: [Project 1-479] Netlist was created with Vivado 2018.2.1
INFO: [Device 21-403] Loading part xc7a100tcsg324-1
INFO: [Project 1-570] Preparing netlist for logic optimization

Processing XDC Constraints
Initializing timing engine
Parsing XDC File [c:/Users/local.bloo/Google Drive/UNI/18F/ELEC_3500/ELEC_3500_Labs/lab_9/alarm_clock/alarm_clock.srcs/sources_1/ip/clk_wiz_0/clk_wiz_0_board.xdc] for cell 'clk_wiz/inst'
Finished Parsing XDC File [c:/Users/local.bloo/Google Drive/UNI/18F/ELEC_3500/ELEC_3500_Labs/lab_9/alarm_clock/alarm_clock.srcs/sources_1/ip/clk_wiz_0/clk_wiz_0_board.xdc] for cell 'clk_wiz/inst'
Parsing XDC File [c:/Users/local.bloo/Google Drive/UNI/18F/ELEC_3500/ELEC_3500_Labs/lab_9/alarm_clock/alarm_clock.srcs/sources_1/ip/clk_wiz_0/clk_wiz_0.xdc] for cell 'clk_wiz/inst'
Finished Parsing XDC File [c:/Users/local.bloo/Google Drive/UNI/18F/ELEC_3500/ELEC_3500_Labs/lab_9/alarm_clock/alarm_clock.srcs/sources_1/ip/clk_wiz_0/clk_wiz_0.xdc] for cell 'clk_wiz/inst'
INFO: [Project 1-236] Implementation specific constraints were found while reading constraint file [c:/Users/local.bloo/Google Drive/UNI/18F/ELEC_3500/ELEC_3500_Labs/lab_9/alarm_clock/alarm_clock.srcs/sources_1/ip/clk_wiz_0/clk_wiz_0.xdc]. These constraints will be ignored for synthesis but will be used in implementation. Impacted constraints are listed in the file [.Xil/top_propImpl.xdc].
Resolution: To avoid this warning, move constraints listed in [.Xil/top_propImpl.xdc] to another XDC file and exclude this new file from synthesis with the used_in_synthesis property (File Properties dialog in GUI) and re-run elaboration/synthesis.
INFO: [Timing 38-2] Deriving generated clocks
Parsing XDC File [C:/Users/local.bloo/Google Drive/UNI/18F/ELEC_3500/ELEC_3500_Labs/lab_9/alarm_clock/alarm_clock.srcs/constrs_1/imports/lab9_3_3/Nexys4DDR_Master.xdc]
Finished Parsing XDC File [C:/Users/local.bloo/Google Drive/UNI/18F/ELEC_3500/ELEC_3500_Labs/lab_9/alarm_clock/alarm_clock.srcs/constrs_1/imports/lab9_3_3/Nexys4DDR_Master.xdc]
Completed Processing XDC Constraints

INFO: [Opt 31-138] Pushed 0 inverter(s) to 0 load pin(s).
INFO: [Project 1-111] Unisim Transformation Summary:
No Unisim elements were transformed.

RTL Elaboration Complete:  : Time (s): cpu = 00:00:38 ; elapsed = 00:00:30 . Memory (MB): peak = 1324.648 ; gain = 508.910
38 Infos, 36 Warnings, 0 Critical Warnings and 0 Errors encountered.
synth_design completed successfully
synth_design: Time (s): cpu = 00:00:38 ; elapsed = 00:00:30 . Memory (MB): peak = 1324.648 ; gain = 508.910
close_design
launch_runs impl_1 -to_step write_bitstream -jobs 4
[Fri Nov 16 15:17:48 2018] Launched synth_1...
Run output will be captured here: C:/Users/local.bloo/Google Drive/UNI/18F/ELEC_3500/ELEC_3500_Labs/lab_9/alarm_clock/alarm_clock.runs/synth_1/runme.log
[Fri Nov 16 15:17:49 2018] Launched impl_1...
Run output will be captured here: C:/Users/local.bloo/Google Drive/UNI/18F/ELEC_3500/ELEC_3500_Labs/lab_9/alarm_clock/alarm_clock.runs/impl_1/runme.log
reset_run synth_1
launch_runs impl_1 -to_step write_bitstream -jobs 4
[Fri Nov 16 15:18:41 2018] Launched synth_1...
Run output will be captured here: C:/Users/local.bloo/Google Drive/UNI/18F/ELEC_3500/ELEC_3500_Labs/lab_9/alarm_clock/alarm_clock.runs/synth_1/runme.log
[Fri Nov 16 15:18:41 2018] Launched impl_1...
Run output will be captured here: C:/Users/local.bloo/Google Drive/UNI/18F/ELEC_3500/ELEC_3500_Labs/lab_9/alarm_clock/alarm_clock.runs/impl_1/runme.log
reset_run impl_1 -prev_step 
update_compile_order -fileset sources_1
update_compile_order -fileset sources_1
synth_design -rtl -name rtl_1
Command: synth_design -rtl -name rtl_1
Starting synth_design
Using part: xc7a100tcsg324-1
Top: top
0 Infos, 0 Warnings, 0 Critical Warnings and 1 Errors encountered.
synth_design failed
ERROR: [Designutils 20-411] The directory 'C:/Users/local.bloo/Google Drive/UNI/18F/ELEC_3500/ELEC_3500_Labs/lab_9/alarm_clock/.Xil/Vivado-24876-Melchoir/realtime' could not be deleted and may be locked. This directory may need to be manually deleted to continue.
synth_design -rtl -name rtl_1
Command: synth_design -rtl -name rtl_1
Starting synth_design
Using part: xc7a100tcsg324-1
Top: top
---------------------------------------------------------------------------------
Starting RTL Elaboration : Time (s): cpu = 00:00:03 ; elapsed = 00:00:03 . Memory (MB): peak = 1340.176 ; gain = 0.000
---------------------------------------------------------------------------------
INFO: [Synth 8-6157] synthesizing module 'top' [C:/Users/local.bloo/Google Drive/UNI/18F/ELEC_3500/ELEC_3500_Labs/lab_9/alarm_clock/alarm_clock.srcs/sources_1/new/top.v:23]
INFO: [Synth 8-6157] synthesizing module 'debounce' [C:/Users/local.bloo/Google Drive/UNI/18F/ELEC_3500/ELEC_3500_Labs/lab_9/alarm_clock/alarm_clock.srcs/sources_1/new/debounce.v:21]
	Parameter COUNT_BITS bound to: 16 - type: integer 
	Parameter CLKS_TO_COUNT bound to: 50000 - type: integer 
WARNING: [Synth 8-5788] Register d_prev_reg in module debounce is has both Set and reset with same priority. This may cause simulation mismatches. Consider rewriting code  [C:/Users/local.bloo/Google Drive/UNI/18F/ELEC_3500/ELEC_3500_Labs/lab_9/alarm_clock/alarm_clock.srcs/sources_1/new/debounce.v:42]
INFO: [Synth 8-6155] done synthesizing module 'debounce' (1#1) [C:/Users/local.bloo/Google Drive/UNI/18F/ELEC_3500/ELEC_3500_Labs/lab_9/alarm_clock/alarm_clock.srcs/sources_1/new/debounce.v:21]
INFO: [Synth 8-6157] synthesizing module 'clk_wiz_0' [C:/Users/local.bloo/Google Drive/UNI/18F/ELEC_3500/ELEC_3500_Labs/lab_9/alarm_clock/.Xil/Vivado-24876-Melchoir/realtime/clk_wiz_0_stub.v:5]
INFO: [Synth 8-6155] done synthesizing module 'clk_wiz_0' (2#1) [C:/Users/local.bloo/Google Drive/UNI/18F/ELEC_3500/ELEC_3500_Labs/lab_9/alarm_clock/.Xil/Vivado-24876-Melchoir/realtime/clk_wiz_0_stub.v:5]
INFO: [Synth 8-6157] synthesizing module 'count_to' [C:/Users/local.bloo/Google Drive/UNI/18F/ELEC_3500/ELEC_3500_Labs/lab_9/alarm_clock/alarm_clock.srcs/sources_1/imports/modules/count_to.v:23]
	Parameter COUNT_WIDTH bound to: 24 - type: integer 
	Parameter COUNT_TO bound to: 5000000 - type: integer 
INFO: [Synth 8-6155] done synthesizing module 'count_to' (3#1) [C:/Users/local.bloo/Google Drive/UNI/18F/ELEC_3500/ELEC_3500_Labs/lab_9/alarm_clock/alarm_clock.srcs/sources_1/imports/modules/count_to.v:23]
WARNING: [Synth 8-350] instance 'en_1Hz_count' of module 'count_to' requires 5 connections, but only 4 given [C:/Users/local.bloo/Google Drive/UNI/18F/ELEC_3500/ELEC_3500_Labs/lab_9/alarm_clock/alarm_clock.srcs/sources_1/new/top.v:74]
INFO: [Synth 8-6157] synthesizing module 'count_to__parameterized0' [C:/Users/local.bloo/Google Drive/UNI/18F/ELEC_3500/ELEC_3500_Labs/lab_9/alarm_clock/alarm_clock.srcs/sources_1/imports/modules/count_to.v:23]
	Parameter COUNT_WIDTH bound to: 6 - type: integer 
	Parameter COUNT_TO bound to: 59 - type: integer 
INFO: [Synth 8-6155] done synthesizing module 'count_to__parameterized0' (3#1) [C:/Users/local.bloo/Google Drive/UNI/18F/ELEC_3500/ELEC_3500_Labs/lab_9/alarm_clock/alarm_clock.srcs/sources_1/imports/modules/count_to.v:23]
WARNING: [Synth 8-350] instance 'count_seconds' of module 'count_to' requires 5 connections, but only 4 given [C:/Users/local.bloo/Google Drive/UNI/18F/ELEC_3500/ELEC_3500_Labs/lab_9/alarm_clock/alarm_clock.srcs/sources_1/new/top.v:81]
INFO: [Synth 8-6157] synthesizing module 'clock_counter' [C:/Users/local.bloo/Google Drive/UNI/18F/ELEC_3500/ELEC_3500_Labs/lab_9/alarm_clock/alarm_clock.srcs/sources_1/new/clock_counter.v:22]
INFO: [Synth 8-6157] synthesizing module 'count_to__parameterized1' [C:/Users/local.bloo/Google Drive/UNI/18F/ELEC_3500/ELEC_3500_Labs/lab_9/alarm_clock/alarm_clock.srcs/sources_1/imports/modules/count_to.v:23]
	Parameter COUNT_WIDTH bound to: 4 - type: integer 
	Parameter COUNT_TO bound to: 9 - type: integer 
INFO: [Synth 8-6155] done synthesizing module 'count_to__parameterized1' (3#1) [C:/Users/local.bloo/Google Drive/UNI/18F/ELEC_3500/ELEC_3500_Labs/lab_9/alarm_clock/alarm_clock.srcs/sources_1/imports/modules/count_to.v:23]
WARNING: [Synth 8-689] width (5) of port connection 'm' does not match port width (4) of module 'count_to__parameterized1' [C:/Users/local.bloo/Google Drive/UNI/18F/ELEC_3500/ELEC_3500_Labs/lab_9/alarm_clock/alarm_clock.srcs/sources_1/new/clock_counter.v:51]
INFO: [Synth 8-6157] synthesizing module 'count_to__parameterized2' [C:/Users/local.bloo/Google Drive/UNI/18F/ELEC_3500/ELEC_3500_Labs/lab_9/alarm_clock/alarm_clock.srcs/sources_1/imports/modules/count_to.v:23]
	Parameter COUNT_WIDTH bound to: 4 - type: integer 
	Parameter COUNT_TO bound to: 5 - type: integer 
INFO: [Synth 8-6155] done synthesizing module 'count_to__parameterized2' (3#1) [C:/Users/local.bloo/Google Drive/UNI/18F/ELEC_3500/ELEC_3500_Labs/lab_9/alarm_clock/alarm_clock.srcs/sources_1/imports/modules/count_to.v:23]
WARNING: [Synth 8-689] width (5) of port connection 'm' does not match port width (4) of module 'count_to__parameterized2' [C:/Users/local.bloo/Google Drive/UNI/18F/ELEC_3500/ELEC_3500_Labs/lab_9/alarm_clock/alarm_clock.srcs/sources_1/new/clock_counter.v:59]
INFO: [Synth 8-6157] synthesizing module 'count_to__parameterized3' [C:/Users/local.bloo/Google Drive/UNI/18F/ELEC_3500/ELEC_3500_Labs/lab_9/alarm_clock/alarm_clock.srcs/sources_1/imports/modules/count_to.v:23]
	Parameter COUNT_WIDTH bound to: 5 - type: integer 
	Parameter COUNT_TO bound to: 24 - type: integer 
INFO: [Synth 8-6155] done synthesizing module 'count_to__parameterized3' (3#1) [C:/Users/local.bloo/Google Drive/UNI/18F/ELEC_3500/ELEC_3500_Labs/lab_9/alarm_clock/alarm_clock.srcs/sources_1/imports/modules/count_to.v:23]
WARNING: [Synth 8-689] width (6) of port connection 'm' does not match port width (5) of module 'count_to__parameterized3' [C:/Users/local.bloo/Google Drive/UNI/18F/ELEC_3500/ELEC_3500_Labs/lab_9/alarm_clock/alarm_clock.srcs/sources_1/new/clock_counter.v:67]
WARNING: [Synth 8-350] instance 'count_hours' of module 'count_to' requires 5 connections, but only 4 given [C:/Users/local.bloo/Google Drive/UNI/18F/ELEC_3500/ELEC_3500_Labs/lab_9/alarm_clock/alarm_clock.srcs/sources_1/new/clock_counter.v:63]
INFO: [Synth 8-6157] synthesizing module 'increment_driver' [C:/Users/local.bloo/Google Drive/UNI/18F/ELEC_3500/ELEC_3500_Labs/lab_9/alarm_clock/alarm_clock.srcs/sources_1/new/increment_driver.v:23]
INFO: [Synth 8-6155] done synthesizing module 'increment_driver' (4#1) [C:/Users/local.bloo/Google Drive/UNI/18F/ELEC_3500/ELEC_3500_Labs/lab_9/alarm_clock/alarm_clock.srcs/sources_1/new/increment_driver.v:23]
INFO: [Synth 8-6157] synthesizing module 'hours_to_bcd_encoder' [C:/Users/local.bloo/Google Drive/UNI/18F/ELEC_3500/ELEC_3500_Labs/lab_9/alarm_clock/alarm_clock.srcs/sources_1/new/hours_to_bcd_encoder.v:23]
INFO: [Synth 8-6155] done synthesizing module 'hours_to_bcd_encoder' (5#1) [C:/Users/local.bloo/Google Drive/UNI/18F/ELEC_3500/ELEC_3500_Labs/lab_9/alarm_clock/alarm_clock.srcs/sources_1/new/hours_to_bcd_encoder.v:23]
WARNING: [Synth 8-689] width (6) of port connection 'h' does not match port width (5) of module 'hours_to_bcd_encoder' [C:/Users/local.bloo/Google Drive/UNI/18F/ELEC_3500/ELEC_3500_Labs/lab_9/alarm_clock/alarm_clock.srcs/sources_1/new/clock_counter.v:94]
WARNING: [Synth 8-689] width (11) of port connection 'bcd' does not match port width (9) of module 'hours_to_bcd_encoder' [C:/Users/local.bloo/Google Drive/UNI/18F/ELEC_3500/ELEC_3500_Labs/lab_9/alarm_clock/alarm_clock.srcs/sources_1/new/clock_counter.v:95]
INFO: [Synth 8-6155] done synthesizing module 'clock_counter' (6#1) [C:/Users/local.bloo/Google Drive/UNI/18F/ELEC_3500/ELEC_3500_Labs/lab_9/alarm_clock/alarm_clock.srcs/sources_1/new/clock_counter.v:22]
INFO: [Synth 8-6157] synthesizing module 'master_controller' [C:/Users/local.bloo/Google Drive/UNI/18F/ELEC_3500/ELEC_3500_Labs/lab_9/alarm_clock/alarm_clock.srcs/sources_1/new/master_controller.v:22]
INFO: [Synth 8-6155] done synthesizing module 'master_controller' (7#1) [C:/Users/local.bloo/Google Drive/UNI/18F/ELEC_3500/ELEC_3500_Labs/lab_9/alarm_clock/alarm_clock.srcs/sources_1/new/master_controller.v:22]
INFO: [Synth 8-6157] synthesizing module 'display_mux' [C:/Users/local.bloo/Google Drive/UNI/18F/ELEC_3500/ELEC_3500_Labs/lab_9/alarm_clock/alarm_clock.srcs/sources_1/new/diplay_mux.v:21]
INFO: [Synth 8-6155] done synthesizing module 'display_mux' (8#1) [C:/Users/local.bloo/Google Drive/UNI/18F/ELEC_3500/ELEC_3500_Labs/lab_9/alarm_clock/alarm_clock.srcs/sources_1/new/diplay_mux.v:21]
WARNING: [Synth 8-689] width (17) of port connection 'q' does not match port width (16) of module 'display_mux' [C:/Users/local.bloo/Google Drive/UNI/18F/ELEC_3500/ELEC_3500_Labs/lab_9/alarm_clock/alarm_clock.srcs/sources_1/new/top.v:127]
WARNING: [Synth 8-350] instance 'dm' of module 'display_mux' requires 5 connections, but only 3 given [C:/Users/local.bloo/Google Drive/UNI/18F/ELEC_3500/ELEC_3500_Labs/lab_9/alarm_clock/alarm_clock.srcs/sources_1/new/top.v:125]
INFO: [Synth 8-6157] synthesizing module 'seg_driver' [C:/Users/local.bloo/Google Drive/UNI/18F/ELEC_3500/ELEC_3500_Labs/lab_9/alarm_clock/alarm_clock.srcs/sources_1/new/seg_driver.v:22]
	Parameter NUM_SEG bound to: 4 - type: integer 
WARNING: [Synth 8-3848] Net bcd_array[7] in module/entity seg_driver does not have driver. [C:/Users/local.bloo/Google Drive/UNI/18F/ELEC_3500/ELEC_3500_Labs/lab_9/alarm_clock/alarm_clock.srcs/sources_1/new/seg_driver.v:35]
WARNING: [Synth 8-3848] Net bcd_array[6] in module/entity seg_driver does not have driver. [C:/Users/local.bloo/Google Drive/UNI/18F/ELEC_3500/ELEC_3500_Labs/lab_9/alarm_clock/alarm_clock.srcs/sources_1/new/seg_driver.v:35]
WARNING: [Synth 8-3848] Net bcd_array[5] in module/entity seg_driver does not have driver. [C:/Users/local.bloo/Google Drive/UNI/18F/ELEC_3500/ELEC_3500_Labs/lab_9/alarm_clock/alarm_clock.srcs/sources_1/new/seg_driver.v:35]
WARNING: [Synth 8-3848] Net bcd_array[4] in module/entity seg_driver does not have driver. [C:/Users/local.bloo/Google Drive/UNI/18F/ELEC_3500/ELEC_3500_Labs/lab_9/alarm_clock/alarm_clock.srcs/sources_1/new/seg_driver.v:35]
INFO: [Synth 8-6155] done synthesizing module 'seg_driver' (9#1) [C:/Users/local.bloo/Google Drive/UNI/18F/ELEC_3500/ELEC_3500_Labs/lab_9/alarm_clock/alarm_clock.srcs/sources_1/new/seg_driver.v:22]
WARNING: [Synth 8-689] width (17) of port connection 'bcd' does not match port width (16) of module 'seg_driver' [C:/Users/local.bloo/Google Drive/UNI/18F/ELEC_3500/ELEC_3500_Labs/lab_9/alarm_clock/alarm_clock.srcs/sources_1/new/top.v:135]
INFO: [Synth 8-6155] done synthesizing module 'top' (10#1) [C:/Users/local.bloo/Google Drive/UNI/18F/ELEC_3500/ELEC_3500_Labs/lab_9/alarm_clock/alarm_clock.srcs/sources_1/new/top.v:23]
WARNING: [Synth 8-3331] design display_mux has unconnected port d_time[16]
WARNING: [Synth 8-3331] design display_mux has unconnected port d_alarm[16]
WARNING: [Synth 8-3331] design increment_driver has unconnected port rst
---------------------------------------------------------------------------------
Finished RTL Elaboration : Time (s): cpu = 00:00:04 ; elapsed = 00:00:04 . Memory (MB): peak = 1340.176 ; gain = 0.000
---------------------------------------------------------------------------------

Report Check Netlist: 
+------+------------------+-------+---------+-------+------------------+
|      |Item              |Errors |Warnings |Status |Description       |
+------+------------------+-------+---------+-------+------------------+
|1     |multi_driven_nets |      0|        0|Passed |Multi driven nets |
+------+------------------+-------+---------+-------+------------------+
WARNING: [Synth 8-3295] tying undriven pin dm:d_alarm[15] to constant 0 [C:/Users/local.bloo/Google Drive/UNI/18F/ELEC_3500/ELEC_3500_Labs/lab_9/alarm_clock/alarm_clock.srcs/sources_1/new/top.v:125]
WARNING: [Synth 8-3295] tying undriven pin dm:d_alarm[14] to constant 0 [C:/Users/local.bloo/Google Drive/UNI/18F/ELEC_3500/ELEC_3500_Labs/lab_9/alarm_clock/alarm_clock.srcs/sources_1/new/top.v:125]
WARNING: [Synth 8-3295] tying undriven pin dm:d_alarm[13] to constant 0 [C:/Users/local.bloo/Google Drive/UNI/18F/ELEC_3500/ELEC_3500_Labs/lab_9/alarm_clock/alarm_clock.srcs/sources_1/new/top.v:125]
WARNING: [Synth 8-3295] tying undriven pin dm:d_alarm[12] to constant 0 [C:/Users/local.bloo/Google Drive/UNI/18F/ELEC_3500/ELEC_3500_Labs/lab_9/alarm_clock/alarm_clock.srcs/sources_1/new/top.v:125]
WARNING: [Synth 8-3295] tying undriven pin dm:d_alarm[11] to constant 0 [C:/Users/local.bloo/Google Drive/UNI/18F/ELEC_3500/ELEC_3500_Labs/lab_9/alarm_clock/alarm_clock.srcs/sources_1/new/top.v:125]
WARNING: [Synth 8-3295] tying undriven pin dm:d_alarm[10] to constant 0 [C:/Users/local.bloo/Google Drive/UNI/18F/ELEC_3500/ELEC_3500_Labs/lab_9/alarm_clock/alarm_clock.srcs/sources_1/new/top.v:125]
WARNING: [Synth 8-3295] tying undriven pin dm:d_alarm[9] to constant 0 [C:/Users/local.bloo/Google Drive/UNI/18F/ELEC_3500/ELEC_3500_Labs/lab_9/alarm_clock/alarm_clock.srcs/sources_1/new/top.v:125]
WARNING: [Synth 8-3295] tying undriven pin dm:d_alarm[8] to constant 0 [C:/Users/local.bloo/Google Drive/UNI/18F/ELEC_3500/ELEC_3500_Labs/lab_9/alarm_clock/alarm_clock.srcs/sources_1/new/top.v:125]
WARNING: [Synth 8-3295] tying undriven pin dm:d_alarm[7] to constant 0 [C:/Users/local.bloo/Google Drive/UNI/18F/ELEC_3500/ELEC_3500_Labs/lab_9/alarm_clock/alarm_clock.srcs/sources_1/new/top.v:125]
WARNING: [Synth 8-3295] tying undriven pin dm:d_alarm[6] to constant 0 [C:/Users/local.bloo/Google Drive/UNI/18F/ELEC_3500/ELEC_3500_Labs/lab_9/alarm_clock/alarm_clock.srcs/sources_1/new/top.v:125]
WARNING: [Synth 8-3295] tying undriven pin dm:d_alarm[5] to constant 0 [C:/Users/local.bloo/Google Drive/UNI/18F/ELEC_3500/ELEC_3500_Labs/lab_9/alarm_clock/alarm_clock.srcs/sources_1/new/top.v:125]
WARNING: [Synth 8-3295] tying undriven pin dm:d_alarm[4] to constant 0 [C:/Users/local.bloo/Google Drive/UNI/18F/ELEC_3500/ELEC_3500_Labs/lab_9/alarm_clock/alarm_clock.srcs/sources_1/new/top.v:125]
WARNING: [Synth 8-3295] tying undriven pin dm:d_alarm[3] to constant 0 [C:/Users/local.bloo/Google Drive/UNI/18F/ELEC_3500/ELEC_3500_Labs/lab_9/alarm_clock/alarm_clock.srcs/sources_1/new/top.v:125]
WARNING: [Synth 8-3295] tying undriven pin dm:d_alarm[2] to constant 0 [C:/Users/local.bloo/Google Drive/UNI/18F/ELEC_3500/ELEC_3500_Labs/lab_9/alarm_clock/alarm_clock.srcs/sources_1/new/top.v:125]
WARNING: [Synth 8-3295] tying undriven pin dm:d_alarm[1] to constant 0 [C:/Users/local.bloo/Google Drive/UNI/18F/ELEC_3500/ELEC_3500_Labs/lab_9/alarm_clock/alarm_clock.srcs/sources_1/new/top.v:125]
WARNING: [Synth 8-3295] tying undriven pin dm:d_alarm[0] to constant 0 [C:/Users/local.bloo/Google Drive/UNI/18F/ELEC_3500/ELEC_3500_Labs/lab_9/alarm_clock/alarm_clock.srcs/sources_1/new/top.v:125]
WARNING: [Synth 8-3295] tying undriven pin dm:s to constant 0 [C:/Users/local.bloo/Google Drive/UNI/18F/ELEC_3500/ELEC_3500_Labs/lab_9/alarm_clock/alarm_clock.srcs/sources_1/new/top.v:125]
---------------------------------------------------------------------------------
Start Handling Custom Attributes
---------------------------------------------------------------------------------
---------------------------------------------------------------------------------
Finished Handling Custom Attributes : Time (s): cpu = 00:00:04 ; elapsed = 00:00:04 . Memory (MB): peak = 1340.176 ; gain = 0.000
---------------------------------------------------------------------------------
---------------------------------------------------------------------------------
Finished RTL Optimization Phase 1 : Time (s): cpu = 00:00:04 ; elapsed = 00:00:04 . Memory (MB): peak = 1340.176 ; gain = 0.000
---------------------------------------------------------------------------------
INFO: [Project 1-454] Reading design checkpoint 'c:/Users/local.bloo/Google Drive/UNI/18F/ELEC_3500/ELEC_3500_Labs/lab_9/alarm_clock/alarm_clock.srcs/sources_1/ip/clk_wiz_0/clk_wiz_0.dcp' for cell 'clk_wiz'
INFO: [Netlist 29-17] Analyzing 2 Unisim elements for replacement
INFO: [Netlist 29-28] Unisim Transformation completed in 0 CPU seconds
INFO: [Project 1-479] Netlist was created with Vivado 2018.2.1
INFO: [Project 1-570] Preparing netlist for logic optimization

Processing XDC Constraints
Initializing timing engine
Parsing XDC File [c:/Users/local.bloo/Google Drive/UNI/18F/ELEC_3500/ELEC_3500_Labs/lab_9/alarm_clock/alarm_clock.srcs/sources_1/ip/clk_wiz_0/clk_wiz_0_board.xdc] for cell 'clk_wiz/inst'
Finished Parsing XDC File [c:/Users/local.bloo/Google Drive/UNI/18F/ELEC_3500/ELEC_3500_Labs/lab_9/alarm_clock/alarm_clock.srcs/sources_1/ip/clk_wiz_0/clk_wiz_0_board.xdc] for cell 'clk_wiz/inst'
Parsing XDC File [c:/Users/local.bloo/Google Drive/UNI/18F/ELEC_3500/ELEC_3500_Labs/lab_9/alarm_clock/alarm_clock.srcs/sources_1/ip/clk_wiz_0/clk_wiz_0.xdc] for cell 'clk_wiz/inst'
Finished Parsing XDC File [c:/Users/local.bloo/Google Drive/UNI/18F/ELEC_3500/ELEC_3500_Labs/lab_9/alarm_clock/alarm_clock.srcs/sources_1/ip/clk_wiz_0/clk_wiz_0.xdc] for cell 'clk_wiz/inst'
INFO: [Project 1-236] Implementation specific constraints were found while reading constraint file [c:/Users/local.bloo/Google Drive/UNI/18F/ELEC_3500/ELEC_3500_Labs/lab_9/alarm_clock/alarm_clock.srcs/sources_1/ip/clk_wiz_0/clk_wiz_0.xdc]. These constraints will be ignored for synthesis but will be used in implementation. Impacted constraints are listed in the file [.Xil/top_propImpl.xdc].
Resolution: To avoid this warning, move constraints listed in [.Xil/top_propImpl.xdc] to another XDC file and exclude this new file from synthesis with the used_in_synthesis property (File Properties dialog in GUI) and re-run elaboration/synthesis.
INFO: [Timing 38-2] Deriving generated clocks
Parsing XDC File [C:/Users/local.bloo/Google Drive/UNI/18F/ELEC_3500/ELEC_3500_Labs/lab_9/alarm_clock/alarm_clock.srcs/constrs_1/imports/lab9_3_3/Nexys4DDR_Master.xdc]
Finished Parsing XDC File [C:/Users/local.bloo/Google Drive/UNI/18F/ELEC_3500/ELEC_3500_Labs/lab_9/alarm_clock/alarm_clock.srcs/constrs_1/imports/lab9_3_3/Nexys4DDR_Master.xdc]
Completed Processing XDC Constraints

INFO: [Opt 31-138] Pushed 0 inverter(s) to 0 load pin(s).
INFO: [Project 1-111] Unisim Transformation Summary:
No Unisim elements were transformed.

RTL Elaboration Complete:  : Time (s): cpu = 00:00:12 ; elapsed = 00:00:09 . Memory (MB): peak = 1382.109 ; gain = 41.934
37 Infos, 36 Warnings, 0 Critical Warnings and 0 Errors encountered.
synth_design completed successfully
synth_design: Time (s): cpu = 00:00:12 ; elapsed = 00:00:09 . Memory (MB): peak = 1382.109 ; gain = 41.934
exit
INFO: [Common 17-206] Exiting Vivado at Fri Nov 16 17:15:57 2018...
