
*** Running vivado
    with args -log blk_mem_gen_0.vds -m64 -product Vivado -mode batch -messageDb vivado.pb -notrace -source blk_mem_gen_0.tcl


****** Vivado v2018.2.2 (64-bit)
  **** SW Build 2348494 on Mon Oct  1 18:25:44 MDT 2018
  **** IP Build 2318053 on Mon Oct  1 21:44:26 MDT 2018
    ** Copyright 1986-2018 Xilinx, Inc. All Rights Reserved.

Sourcing tcl script 'C:/Users/bloo/AppData/Roaming/Xilinx/Vivado/Vivado_init.tcl'
source blk_mem_gen_0.tcl -notrace
WARNING: [Board 49-91] Board repository path 's:/Xilinx/boards/new/board_files' does not exist, it will not be used to search board files.
Command: synth_design -top blk_mem_gen_0 -part xc7a100tcsg324-1 -mode out_of_context
Starting synth_design
Attempting to get a license for feature 'Synthesis' and/or device 'xc7a100t'
INFO: [Common 17-349] Got license for feature 'Synthesis' and/or device 'xc7a100t'
INFO: Launching helper process for spawning children vivado processes
INFO: Helper process launched with PID 64116 
---------------------------------------------------------------------------------
Starting RTL Elaboration : Time (s): cpu = 00:00:06 ; elapsed = 00:00:08 . Memory (MB): peak = 453.719 ; gain = 99.793
---------------------------------------------------------------------------------
INFO: [Synth 8-638] synthesizing module 'blk_mem_gen_0' [e:/Documents/xilinx/fpga_alarm_clock/alarm_clock/alarm_clock.srcs/sources_1/ip/blk_mem_gen_0/synth/blk_mem_gen_0.vhd:68]
	Parameter C_FAMILY bound to: artix7 - type: string 
	Parameter C_XDEVICEFAMILY bound to: artix7 - type: string 
	Parameter C_ELABORATION_DIR bound to: ./ - type: string 
	Parameter C_INTERFACE_TYPE bound to: 0 - type: integer 
	Parameter C_AXI_TYPE bound to: 1 - type: integer 
	Parameter C_AXI_SLAVE_TYPE bound to: 0 - type: integer 
	Parameter C_USE_BRAM_BLOCK bound to: 0 - type: integer 
	Parameter C_ENABLE_32BIT_ADDRESS bound to: 0 - type: integer 
	Parameter C_CTRL_ECC_ALGO bound to: NONE - type: string 
	Parameter C_HAS_AXI_ID bound to: 0 - type: integer 
	Parameter C_AXI_ID_WIDTH bound to: 4 - type: integer 
	Parameter C_MEM_TYPE bound to: 3 - type: integer 
	Parameter C_BYTE_SIZE bound to: 9 - type: integer 
	Parameter C_ALGORITHM bound to: 1 - type: integer 
	Parameter C_PRIM_TYPE bound to: 1 - type: integer 
	Parameter C_LOAD_INIT_FILE bound to: 1 - type: integer 
	Parameter C_INIT_FILE_NAME bound to: blk_mem_gen_0.mif - type: string 
	Parameter C_INIT_FILE bound to: blk_mem_gen_0.mem - type: string 
	Parameter C_USE_DEFAULT_DATA bound to: 1 - type: integer 
	Parameter C_DEFAULT_DATA bound to: 0 - type: string 
	Parameter C_HAS_RSTA bound to: 0 - type: integer 
	Parameter C_RST_PRIORITY_A bound to: CE - type: string 
	Parameter C_RSTRAM_A bound to: 0 - type: integer 
	Parameter C_INITA_VAL bound to: 0 - type: string 
	Parameter C_HAS_ENA bound to: 1 - type: integer 
	Parameter C_HAS_REGCEA bound to: 0 - type: integer 
	Parameter C_USE_BYTE_WEA bound to: 0 - type: integer 
	Parameter C_WEA_WIDTH bound to: 1 - type: integer 
	Parameter C_WRITE_MODE_A bound to: WRITE_FIRST - type: string 
	Parameter C_WRITE_WIDTH_A bound to: 8 - type: integer 
	Parameter C_READ_WIDTH_A bound to: 8 - type: integer 
	Parameter C_WRITE_DEPTH_A bound to: 284306 - type: integer 
	Parameter C_READ_DEPTH_A bound to: 284306 - type: integer 
	Parameter C_ADDRA_WIDTH bound to: 19 - type: integer 
	Parameter C_HAS_RSTB bound to: 0 - type: integer 
	Parameter C_RST_PRIORITY_B bound to: CE - type: string 
	Parameter C_RSTRAM_B bound to: 0 - type: integer 
	Parameter C_INITB_VAL bound to: 0 - type: string 
	Parameter C_HAS_ENB bound to: 0 - type: integer 
	Parameter C_HAS_REGCEB bound to: 0 - type: integer 
	Parameter C_USE_BYTE_WEB bound to: 0 - type: integer 
	Parameter C_WEB_WIDTH bound to: 1 - type: integer 
	Parameter C_WRITE_MODE_B bound to: WRITE_FIRST - type: string 
	Parameter C_WRITE_WIDTH_B bound to: 8 - type: integer 
	Parameter C_READ_WIDTH_B bound to: 8 - type: integer 
	Parameter C_WRITE_DEPTH_B bound to: 284306 - type: integer 
	Parameter C_READ_DEPTH_B bound to: 284306 - type: integer 
	Parameter C_ADDRB_WIDTH bound to: 19 - type: integer 
	Parameter C_HAS_MEM_OUTPUT_REGS_A bound to: 1 - type: integer 
	Parameter C_HAS_MEM_OUTPUT_REGS_B bound to: 0 - type: integer 
	Parameter C_HAS_MUX_OUTPUT_REGS_A bound to: 0 - type: integer 
	Parameter C_HAS_MUX_OUTPUT_REGS_B bound to: 0 - type: integer 
	Parameter C_MUX_PIPELINE_STAGES bound to: 0 - type: integer 
	Parameter C_HAS_SOFTECC_INPUT_REGS_A bound to: 0 - type: integer 
	Parameter C_HAS_SOFTECC_OUTPUT_REGS_B bound to: 0 - type: integer 
	Parameter C_USE_SOFTECC bound to: 0 - type: integer 
	Parameter C_USE_ECC bound to: 0 - type: integer 
	Parameter C_EN_ECC_PIPE bound to: 0 - type: integer 
	Parameter C_HAS_INJECTERR bound to: 0 - type: integer 
	Parameter C_SIM_COLLISION_CHECK bound to: ALL - type: string 
	Parameter C_COMMON_CLK bound to: 0 - type: integer 
	Parameter C_DISABLE_WARN_BHV_COLL bound to: 0 - type: integer 
	Parameter C_EN_SLEEP_PIN bound to: 0 - type: integer 
	Parameter C_USE_URAM bound to: 0 - type: integer 
	Parameter C_EN_RDADDRA_CHG bound to: 0 - type: integer 
	Parameter C_EN_RDADDRB_CHG bound to: 0 - type: integer 
	Parameter C_EN_DEEPSLEEP_PIN bound to: 0 - type: integer 
	Parameter C_EN_SHUTDOWN_PIN bound to: 0 - type: integer 
	Parameter C_EN_SAFETY_CKT bound to: 0 - type: integer 
	Parameter C_DISABLE_WARN_BHV_RANGE bound to: 0 - type: integer 
	Parameter C_COUNT_36K_BRAM bound to: 69 - type: string 
	Parameter C_COUNT_18K_BRAM bound to: 1 - type: string 
	Parameter C_EST_POWER_SUMMARY bound to: Estimated Power for IP     :     2.319851 mW - type: string 
INFO: [Synth 8-3491] module 'blk_mem_gen_v8_4_1' declared at 'e:/Documents/xilinx/fpga_alarm_clock/alarm_clock/alarm_clock.srcs/sources_1/ip/blk_mem_gen_0/hdl/blk_mem_gen_v8_4_vhsyn_rfs.vhd:195313' bound to instance 'U0' of component 'blk_mem_gen_v8_4_1' [e:/Documents/xilinx/fpga_alarm_clock/alarm_clock/alarm_clock.srcs/sources_1/ip/blk_mem_gen_0/synth/blk_mem_gen_0.vhd:230]
INFO: [Synth 8-256] done synthesizing module 'blk_mem_gen_0' (11#1) [e:/Documents/xilinx/fpga_alarm_clock/alarm_clock/alarm_clock.srcs/sources_1/ip/blk_mem_gen_0/synth/blk_mem_gen_0.vhd:68]
WARNING: [Synth 8-3331] design blk_mem_gen_mux__parameterized0 has unconnected port MUX_RST[0]
WARNING: [Synth 8-3331] design blk_mem_gen_mux__parameterized0 has unconnected port MEM_LAT_RST
WARNING: [Synth 8-3331] design blk_mem_gen_mux__parameterized0 has unconnected port MEM_REG_RST
WARNING: [Synth 8-3331] design blk_mem_gen_mux__parameterized0 has unconnected port MUX_REGCE[0]
WARNING: [Synth 8-3331] design blk_mem_gen_mux__parameterized0 has unconnected port MEM_REGCE
WARNING: [Synth 8-3331] design blk_mem_gen_mux__parameterized0 has unconnected port WE
WARNING: [Synth 8-3331] design blk_mem_gen_mux__parameterized0 has unconnected port ADDR_IN[18]
WARNING: [Synth 8-3331] design blk_mem_gen_mux__parameterized0 has unconnected port ADDR_IN[17]
WARNING: [Synth 8-3331] design blk_mem_gen_mux__parameterized0 has unconnected port ADDR_IN[16]
WARNING: [Synth 8-3331] design blk_mem_gen_mux__parameterized0 has unconnected port ADDR_IN[15]
WARNING: [Synth 8-3331] design blk_mem_gen_mux__parameterized0 has unconnected port ADDR_IN[14]
WARNING: [Synth 8-3331] design blk_mem_gen_mux__parameterized0 has unconnected port ADDR_IN[13]
WARNING: [Synth 8-3331] design blk_mem_gen_mux__parameterized0 has unconnected port ADDR_IN[12]
WARNING: [Synth 8-3331] design blk_mem_gen_mux__parameterized0 has unconnected port ADDR_IN[11]
WARNING: [Synth 8-3331] design blk_mem_gen_mux__parameterized0 has unconnected port ADDR_IN[10]
WARNING: [Synth 8-3331] design blk_mem_gen_mux__parameterized0 has unconnected port ADDR_IN[9]
WARNING: [Synth 8-3331] design blk_mem_gen_mux__parameterized0 has unconnected port ADDR_IN[8]
WARNING: [Synth 8-3331] design blk_mem_gen_mux__parameterized0 has unconnected port ADDR_IN[7]
WARNING: [Synth 8-3331] design blk_mem_gen_mux__parameterized0 has unconnected port ADDR_IN[6]
WARNING: [Synth 8-3331] design blk_mem_gen_mux__parameterized0 has unconnected port ADDR_IN[5]
WARNING: [Synth 8-3331] design blk_mem_gen_mux__parameterized0 has unconnected port ADDR_IN[4]
WARNING: [Synth 8-3331] design blk_mem_gen_mux__parameterized0 has unconnected port ADDR_IN[3]
WARNING: [Synth 8-3331] design blk_mem_gen_mux__parameterized0 has unconnected port ADDR_IN[2]
WARNING: [Synth 8-3331] design blk_mem_gen_mux__parameterized0 has unconnected port ADDR_IN[1]
WARNING: [Synth 8-3331] design blk_mem_gen_mux__parameterized0 has unconnected port ADDR_IN[0]
WARNING: [Synth 8-3331] design blk_mem_gen_mux__parameterized0 has unconnected port SBITERRIN[255]
WARNING: [Synth 8-3331] design blk_mem_gen_mux__parameterized0 has unconnected port SBITERRIN[254]
WARNING: [Synth 8-3331] design blk_mem_gen_mux__parameterized0 has unconnected port SBITERRIN[253]
WARNING: [Synth 8-3331] design blk_mem_gen_mux__parameterized0 has unconnected port SBITERRIN[252]
WARNING: [Synth 8-3331] design blk_mem_gen_mux__parameterized0 has unconnected port SBITERRIN[251]
WARNING: [Synth 8-3331] design blk_mem_gen_mux__parameterized0 has unconnected port SBITERRIN[250]
WARNING: [Synth 8-3331] design blk_mem_gen_mux__parameterized0 has unconnected port SBITERRIN[249]
WARNING: [Synth 8-3331] design blk_mem_gen_mux__parameterized0 has unconnected port SBITERRIN[248]
WARNING: [Synth 8-3331] design blk_mem_gen_mux__parameterized0 has unconnected port SBITERRIN[247]
WARNING: [Synth 8-3331] design blk_mem_gen_mux__parameterized0 has unconnected port SBITERRIN[246]
WARNING: [Synth 8-3331] design blk_mem_gen_mux__parameterized0 has unconnected port SBITERRIN[245]
WARNING: [Synth 8-3331] design blk_mem_gen_mux__parameterized0 has unconnected port SBITERRIN[244]
WARNING: [Synth 8-3331] design blk_mem_gen_mux__parameterized0 has unconnected port SBITERRIN[243]
WARNING: [Synth 8-3331] design blk_mem_gen_mux__parameterized0 has unconnected port SBITERRIN[242]
WARNING: [Synth 8-3331] design blk_mem_gen_mux__parameterized0 has unconnected port SBITERRIN[241]
WARNING: [Synth 8-3331] design blk_mem_gen_mux__parameterized0 has unconnected port SBITERRIN[240]
WARNING: [Synth 8-3331] design blk_mem_gen_mux__parameterized0 has unconnected port SBITERRIN[239]
WARNING: [Synth 8-3331] design blk_mem_gen_mux__parameterized0 has unconnected port SBITERRIN[238]
WARNING: [Synth 8-3331] design blk_mem_gen_mux__parameterized0 has unconnected port SBITERRIN[237]
WARNING: [Synth 8-3331] design blk_mem_gen_mux__parameterized0 has unconnected port SBITERRIN[236]
WARNING: [Synth 8-3331] design blk_mem_gen_mux__parameterized0 has unconnected port SBITERRIN[235]
WARNING: [Synth 8-3331] design blk_mem_gen_mux__parameterized0 has unconnected port SBITERRIN[234]
WARNING: [Synth 8-3331] design blk_mem_gen_mux__parameterized0 has unconnected port SBITERRIN[233]
WARNING: [Synth 8-3331] design blk_mem_gen_mux__parameterized0 has unconnected port SBITERRIN[232]
WARNING: [Synth 8-3331] design blk_mem_gen_mux__parameterized0 has unconnected port SBITERRIN[231]
WARNING: [Synth 8-3331] design blk_mem_gen_mux__parameterized0 has unconnected port SBITERRIN[230]
WARNING: [Synth 8-3331] design blk_mem_gen_mux__parameterized0 has unconnected port SBITERRIN[229]
WARNING: [Synth 8-3331] design blk_mem_gen_mux__parameterized0 has unconnected port SBITERRIN[228]
WARNING: [Synth 8-3331] design blk_mem_gen_mux__parameterized0 has unconnected port SBITERRIN[227]
WARNING: [Synth 8-3331] design blk_mem_gen_mux__parameterized0 has unconnected port SBITERRIN[226]
WARNING: [Synth 8-3331] design blk_mem_gen_mux__parameterized0 has unconnected port SBITERRIN[225]
WARNING: [Synth 8-3331] design blk_mem_gen_mux__parameterized0 has unconnected port SBITERRIN[224]
WARNING: [Synth 8-3331] design blk_mem_gen_mux__parameterized0 has unconnected port SBITERRIN[223]
WARNING: [Synth 8-3331] design blk_mem_gen_mux__parameterized0 has unconnected port SBITERRIN[222]
WARNING: [Synth 8-3331] design blk_mem_gen_mux__parameterized0 has unconnected port SBITERRIN[221]
WARNING: [Synth 8-3331] design blk_mem_gen_mux__parameterized0 has unconnected port SBITERRIN[220]
WARNING: [Synth 8-3331] design blk_mem_gen_mux__parameterized0 has unconnected port SBITERRIN[219]
WARNING: [Synth 8-3331] design blk_mem_gen_mux__parameterized0 has unconnected port SBITERRIN[218]
WARNING: [Synth 8-3331] design blk_mem_gen_mux__parameterized0 has unconnected port SBITERRIN[217]
WARNING: [Synth 8-3331] design blk_mem_gen_mux__parameterized0 has unconnected port SBITERRIN[216]
WARNING: [Synth 8-3331] design blk_mem_gen_mux__parameterized0 has unconnected port SBITERRIN[215]
WARNING: [Synth 8-3331] design blk_mem_gen_mux__parameterized0 has unconnected port SBITERRIN[214]
WARNING: [Synth 8-3331] design blk_mem_gen_mux__parameterized0 has unconnected port SBITERRIN[213]
WARNING: [Synth 8-3331] design blk_mem_gen_mux__parameterized0 has unconnected port SBITERRIN[212]
WARNING: [Synth 8-3331] design blk_mem_gen_mux__parameterized0 has unconnected port SBITERRIN[211]
WARNING: [Synth 8-3331] design blk_mem_gen_mux__parameterized0 has unconnected port SBITERRIN[210]
WARNING: [Synth 8-3331] design blk_mem_gen_mux__parameterized0 has unconnected port SBITERRIN[209]
WARNING: [Synth 8-3331] design blk_mem_gen_mux__parameterized0 has unconnected port SBITERRIN[208]
WARNING: [Synth 8-3331] design blk_mem_gen_mux__parameterized0 has unconnected port SBITERRIN[207]
WARNING: [Synth 8-3331] design blk_mem_gen_mux__parameterized0 has unconnected port SBITERRIN[206]
WARNING: [Synth 8-3331] design blk_mem_gen_mux__parameterized0 has unconnected port SBITERRIN[205]
WARNING: [Synth 8-3331] design blk_mem_gen_mux__parameterized0 has unconnected port SBITERRIN[204]
WARNING: [Synth 8-3331] design blk_mem_gen_mux__parameterized0 has unconnected port SBITERRIN[203]
WARNING: [Synth 8-3331] design blk_mem_gen_mux__parameterized0 has unconnected port SBITERRIN[202]
WARNING: [Synth 8-3331] design blk_mem_gen_mux__parameterized0 has unconnected port SBITERRIN[201]
WARNING: [Synth 8-3331] design blk_mem_gen_mux__parameterized0 has unconnected port SBITERRIN[200]
WARNING: [Synth 8-3331] design blk_mem_gen_mux__parameterized0 has unconnected port SBITERRIN[199]
WARNING: [Synth 8-3331] design blk_mem_gen_mux__parameterized0 has unconnected port SBITERRIN[198]
WARNING: [Synth 8-3331] design blk_mem_gen_mux__parameterized0 has unconnected port SBITERRIN[197]
WARNING: [Synth 8-3331] design blk_mem_gen_mux__parameterized0 has unconnected port SBITERRIN[196]
WARNING: [Synth 8-3331] design blk_mem_gen_mux__parameterized0 has unconnected port SBITERRIN[195]
WARNING: [Synth 8-3331] design blk_mem_gen_mux__parameterized0 has unconnected port SBITERRIN[194]
WARNING: [Synth 8-3331] design blk_mem_gen_mux__parameterized0 has unconnected port SBITERRIN[193]
WARNING: [Synth 8-3331] design blk_mem_gen_mux__parameterized0 has unconnected port SBITERRIN[192]
WARNING: [Synth 8-3331] design blk_mem_gen_mux__parameterized0 has unconnected port SBITERRIN[191]
WARNING: [Synth 8-3331] design blk_mem_gen_mux__parameterized0 has unconnected port SBITERRIN[190]
WARNING: [Synth 8-3331] design blk_mem_gen_mux__parameterized0 has unconnected port SBITERRIN[189]
WARNING: [Synth 8-3331] design blk_mem_gen_mux__parameterized0 has unconnected port SBITERRIN[188]
WARNING: [Synth 8-3331] design blk_mem_gen_mux__parameterized0 has unconnected port SBITERRIN[187]
WARNING: [Synth 8-3331] design blk_mem_gen_mux__parameterized0 has unconnected port SBITERRIN[186]
WARNING: [Synth 8-3331] design blk_mem_gen_mux__parameterized0 has unconnected port SBITERRIN[185]
WARNING: [Synth 8-3331] design blk_mem_gen_mux__parameterized0 has unconnected port SBITERRIN[184]
WARNING: [Synth 8-3331] design blk_mem_gen_mux__parameterized0 has unconnected port SBITERRIN[183]
WARNING: [Synth 8-3331] design blk_mem_gen_mux__parameterized0 has unconnected port SBITERRIN[182]
WARNING: [Synth 8-3331] design blk_mem_gen_mux__parameterized0 has unconnected port SBITERRIN[181]
INFO: [Common 17-14] Message 'Synth 8-3331' appears 100 times and further instances of the messages will be disabled. Use the Tcl command set_msg_config to change the current settings.
---------------------------------------------------------------------------------
Finished RTL Elaboration : Time (s): cpu = 00:03:25 ; elapsed = 00:03:30 . Memory (MB): peak = 1006.594 ; gain = 652.668
---------------------------------------------------------------------------------

Report Check Netlist: 
+------+------------------+-------+---------+-------+------------------+
|      |Item              |Errors |Warnings |Status |Description       |
+------+------------------+-------+---------+-------+------------------+
|1     |multi_driven_nets |      0|        0|Passed |Multi driven nets |
+------+------------------+-------+---------+-------+------------------+
---------------------------------------------------------------------------------
Start Handling Custom Attributes
---------------------------------------------------------------------------------
---------------------------------------------------------------------------------
Finished Handling Custom Attributes : Time (s): cpu = 00:03:25 ; elapsed = 00:03:31 . Memory (MB): peak = 1006.594 ; gain = 652.668
---------------------------------------------------------------------------------
---------------------------------------------------------------------------------
Finished RTL Optimization Phase 1 : Time (s): cpu = 00:03:25 ; elapsed = 00:03:31 . Memory (MB): peak = 1006.594 ; gain = 652.668
---------------------------------------------------------------------------------
INFO: [Netlist 29-17] Analyzing 70 Unisim elements for replacement
INFO: [Netlist 29-28] Unisim Transformation completed in 0 CPU seconds
INFO: [Device 21-403] Loading part xc7a100tcsg324-1
INFO: [Project 1-570] Preparing netlist for logic optimization

Processing XDC Constraints
Initializing timing engine
Parsing XDC File [e:/Documents/xilinx/fpga_alarm_clock/alarm_clock/alarm_clock.srcs/sources_1/ip/blk_mem_gen_0/blk_mem_gen_0_ooc.xdc] for cell 'U0'
Finished Parsing XDC File [e:/Documents/xilinx/fpga_alarm_clock/alarm_clock/alarm_clock.srcs/sources_1/ip/blk_mem_gen_0/blk_mem_gen_0_ooc.xdc] for cell 'U0'
Parsing XDC File [E:/Documents/xilinx/fpga_alarm_clock/alarm_clock/alarm_clock.runs/blk_mem_gen_0_synth_1/dont_touch.xdc]
Finished Parsing XDC File [E:/Documents/xilinx/fpga_alarm_clock/alarm_clock/alarm_clock.runs/blk_mem_gen_0_synth_1/dont_touch.xdc]
Completed Processing XDC Constraints

INFO: [Project 1-111] Unisim Transformation Summary:
No Unisim elements were transformed.

Constraint Validation Runtime : Time (s): cpu = 00:00:00 ; elapsed = 00:00:00.042 . Memory (MB): peak = 1006.594 ; gain = 0.000
---------------------------------------------------------------------------------
Finished Constraint Validation : Time (s): cpu = 00:03:38 ; elapsed = 00:03:47 . Memory (MB): peak = 1006.594 ; gain = 652.668
---------------------------------------------------------------------------------
---------------------------------------------------------------------------------
Start Loading Part and Timing Information
---------------------------------------------------------------------------------
Loading part: xc7a100tcsg324-1
---------------------------------------------------------------------------------
Finished Loading Part and Timing Information : Time (s): cpu = 00:03:38 ; elapsed = 00:03:47 . Memory (MB): peak = 1006.594 ; gain = 652.668
---------------------------------------------------------------------------------
---------------------------------------------------------------------------------
Start Applying 'set_property' XDC Constraints
---------------------------------------------------------------------------------
Applied set_property DONT_TOUCH = true for U0. (constraint file  E:/Documents/xilinx/fpga_alarm_clock/alarm_clock/alarm_clock.runs/blk_mem_gen_0_synth_1/dont_touch.xdc, line 9).
---------------------------------------------------------------------------------
Finished applying 'set_property' XDC Constraints : Time (s): cpu = 00:03:38 ; elapsed = 00:03:47 . Memory (MB): peak = 1006.594 ; gain = 652.668
---------------------------------------------------------------------------------
---------------------------------------------------------------------------------
Finished RTL Optimization Phase 2 : Time (s): cpu = 00:03:42 ; elapsed = 00:03:53 . Memory (MB): peak = 1006.594 ; gain = 652.668
---------------------------------------------------------------------------------

Report RTL Partitions: 
+-+--------------+------------+----------+
| |RTL Partition |Replication |Instances |
+-+--------------+------------+----------+
+-+--------------+------------+----------+
---------------------------------------------------------------------------------
Start RTL Component Statistics 
---------------------------------------------------------------------------------
Detailed RTL Component Info : 
+---Registers : 
	               19 Bit    Registers := 1     
	                8 Bit    Registers := 3     
+---Muxes : 
	   2 Input      1 Bit        Muxes := 513   
---------------------------------------------------------------------------------
Finished RTL Component Statistics 
---------------------------------------------------------------------------------
---------------------------------------------------------------------------------
Start RTL Hierarchical Component Statistics 
---------------------------------------------------------------------------------
Hierarchical RTL Component report 
Module bindec 
Detailed RTL Component Info : 
+---Muxes : 
	   2 Input      1 Bit        Muxes := 256   
Module blk_mem_gen_mux 
Detailed RTL Component Info : 
+---Registers : 
	               19 Bit    Registers := 1     
	                8 Bit    Registers := 2     
+---Muxes : 
	   2 Input      1 Bit        Muxes := 1     
Module blk_mem_gen_mux__parameterized0 
Detailed RTL Component Info : 
+---Registers : 
	                8 Bit    Registers := 1     
---------------------------------------------------------------------------------
Finished RTL Hierarchical Component Statistics
---------------------------------------------------------------------------------
---------------------------------------------------------------------------------
Start Part Resource Summary
---------------------------------------------------------------------------------
Part Resources:
DSPs: 240 (col length:80)
BRAMs: 270 (col length: RAMB18 80 RAMB36 40)
---------------------------------------------------------------------------------
Finished Part Resource Summary
---------------------------------------------------------------------------------
---------------------------------------------------------------------------------
Start Cross Boundary and Area Optimization
---------------------------------------------------------------------------------
Warning: Parallel synthesis criteria is not met 
INFO: [Synth 8-3332] Sequential element (inst_blk_mem_gen/gnbram.gnativebmg.native_blk_mem_gen/valid.cstr/has_mux_b.B/no_softecc_sel_reg.ce_pri.sel_pipe_reg[7]) is unused and will be removed from module blk_mem_gen_v8_4_1.
INFO: [Synth 8-3332] Sequential element (inst_blk_mem_gen/gnbram.gnativebmg.native_blk_mem_gen/valid.cstr/has_mux_b.B/no_softecc_sel_reg.ce_pri.sel_pipe_reg[6]) is unused and will be removed from module blk_mem_gen_v8_4_1.
INFO: [Synth 8-3332] Sequential element (inst_blk_mem_gen/gnbram.gnativebmg.native_blk_mem_gen/valid.cstr/has_mux_b.B/no_softecc_sel_reg.ce_pri.sel_pipe_reg[5]) is unused and will be removed from module blk_mem_gen_v8_4_1.
INFO: [Synth 8-3332] Sequential element (inst_blk_mem_gen/gnbram.gnativebmg.native_blk_mem_gen/valid.cstr/has_mux_b.B/no_softecc_sel_reg.ce_pri.sel_pipe_reg[4]) is unused and will be removed from module blk_mem_gen_v8_4_1.
INFO: [Synth 8-3332] Sequential element (inst_blk_mem_gen/gnbram.gnativebmg.native_blk_mem_gen/valid.cstr/has_mux_b.B/no_softecc_sel_reg.ce_pri.sel_pipe_reg[3]) is unused and will be removed from module blk_mem_gen_v8_4_1.
INFO: [Synth 8-3332] Sequential element (inst_blk_mem_gen/gnbram.gnativebmg.native_blk_mem_gen/valid.cstr/has_mux_b.B/no_softecc_sel_reg.ce_pri.sel_pipe_reg[2]) is unused and will be removed from module blk_mem_gen_v8_4_1.
INFO: [Synth 8-3332] Sequential element (inst_blk_mem_gen/gnbram.gnativebmg.native_blk_mem_gen/valid.cstr/has_mux_b.B/no_softecc_sel_reg.ce_pri.sel_pipe_reg[1]) is unused and will be removed from module blk_mem_gen_v8_4_1.
INFO: [Synth 8-3332] Sequential element (inst_blk_mem_gen/gnbram.gnativebmg.native_blk_mem_gen/valid.cstr/has_mux_b.B/no_softecc_sel_reg.ce_pri.sel_pipe_reg[0]) is unused and will be removed from module blk_mem_gen_v8_4_1.
---------------------------------------------------------------------------------
Finished Cross Boundary and Area Optimization : Time (s): cpu = 00:03:47 ; elapsed = 00:03:59 . Memory (MB): peak = 1006.594 ; gain = 652.668
---------------------------------------------------------------------------------

Report RTL Partitions: 
+-+--------------+------------+----------+
| |RTL Partition |Replication |Instances |
+-+--------------+------------+----------+
+-+--------------+------------+----------+
---------------------------------------------------------------------------------
Start Applying XDC Timing Constraints
---------------------------------------------------------------------------------
---------------------------------------------------------------------------------
Finished Applying XDC Timing Constraints : Time (s): cpu = 00:03:57 ; elapsed = 00:04:10 . Memory (MB): peak = 1009.508 ; gain = 655.582
---------------------------------------------------------------------------------
---------------------------------------------------------------------------------
Start Timing Optimization
---------------------------------------------------------------------------------
---------------------------------------------------------------------------------
Finished Timing Optimization : Time (s): cpu = 00:03:58 ; elapsed = 00:04:11 . Memory (MB): peak = 1015.035 ; gain = 661.109
---------------------------------------------------------------------------------

Report RTL Partitions: 
+-+--------------+------------+----------+
| |RTL Partition |Replication |Instances |
+-+--------------+------------+----------+
+-+--------------+------------+----------+
---------------------------------------------------------------------------------
Start Technology Mapping
---------------------------------------------------------------------------------
---------------------------------------------------------------------------------
Finished Technology Mapping : Time (s): cpu = 00:03:58 ; elapsed = 00:04:11 . Memory (MB): peak = 1019.551 ; gain = 665.625
---------------------------------------------------------------------------------

Report RTL Partitions: 
+-+--------------+------------+----------+
| |RTL Partition |Replication |Instances |
+-+--------------+------------+----------+
+-+--------------+------------+----------+
---------------------------------------------------------------------------------
Start IO Insertion
---------------------------------------------------------------------------------
---------------------------------------------------------------------------------
Start Flattening Before IO Insertion
---------------------------------------------------------------------------------
---------------------------------------------------------------------------------
Finished Flattening Before IO Insertion
---------------------------------------------------------------------------------
---------------------------------------------------------------------------------
Start Final Netlist Cleanup
---------------------------------------------------------------------------------
---------------------------------------------------------------------------------
Finished Final Netlist Cleanup
---------------------------------------------------------------------------------
---------------------------------------------------------------------------------
Finished IO Insertion : Time (s): cpu = 00:03:59 ; elapsed = 00:04:12 . Memory (MB): peak = 1020.113 ; gain = 666.188
---------------------------------------------------------------------------------

Report Check Netlist: 
+------+------------------+-------+---------+-------+------------------+
|      |Item              |Errors |Warnings |Status |Description       |
+------+------------------+-------+---------+-------+------------------+
|1     |multi_driven_nets |      0|        0|Passed |Multi driven nets |
+------+------------------+-------+---------+-------+------------------+
---------------------------------------------------------------------------------
Start Renaming Generated Instances
---------------------------------------------------------------------------------
---------------------------------------------------------------------------------
Finished Renaming Generated Instances : Time (s): cpu = 00:03:59 ; elapsed = 00:04:12 . Memory (MB): peak = 1020.113 ; gain = 666.188
---------------------------------------------------------------------------------

Report RTL Partitions: 
+-+--------------+------------+----------+
| |RTL Partition |Replication |Instances |
+-+--------------+------------+----------+
+-+--------------+------------+----------+
---------------------------------------------------------------------------------
Start Rebuilding User Hierarchy
---------------------------------------------------------------------------------
---------------------------------------------------------------------------------
Finished Rebuilding User Hierarchy : Time (s): cpu = 00:03:59 ; elapsed = 00:04:12 . Memory (MB): peak = 1020.113 ; gain = 666.188
---------------------------------------------------------------------------------
---------------------------------------------------------------------------------
Start Renaming Generated Ports
---------------------------------------------------------------------------------
---------------------------------------------------------------------------------
Finished Renaming Generated Ports : Time (s): cpu = 00:03:59 ; elapsed = 00:04:12 . Memory (MB): peak = 1020.113 ; gain = 666.188
---------------------------------------------------------------------------------
---------------------------------------------------------------------------------
Start Handling Custom Attributes
---------------------------------------------------------------------------------
---------------------------------------------------------------------------------
Finished Handling Custom Attributes : Time (s): cpu = 00:03:59 ; elapsed = 00:04:12 . Memory (MB): peak = 1020.113 ; gain = 666.188
---------------------------------------------------------------------------------
---------------------------------------------------------------------------------
Start Renaming Generated Nets
---------------------------------------------------------------------------------
---------------------------------------------------------------------------------
Finished Renaming Generated Nets : Time (s): cpu = 00:03:59 ; elapsed = 00:04:12 . Memory (MB): peak = 1020.113 ; gain = 666.188
---------------------------------------------------------------------------------
---------------------------------------------------------------------------------
Start Writing Synthesis Report
---------------------------------------------------------------------------------

Report BlackBoxes: 
+-+--------------+----------+
| |BlackBox name |Instances |
+-+--------------+----------+
+-+--------------+----------+

Report Cell Usage: 
+------+------------+------+
|      |Cell        |Count |
+------+------------+------+
|1     |LUT2        |     1|
|2     |LUT3        |     5|
|3     |LUT4        |     6|
|4     |LUT5        |    36|
|5     |LUT6        |   192|
|6     |MUXF7       |    72|
|7     |MUXF8       |    32|
|8     |RAMB18E1    |     1|
|9     |RAMB36E1    |     1|
|10    |RAMB36E1_1  |     1|
|11    |RAMB36E1_10 |     1|
|12    |RAMB36E1_11 |     1|
|13    |RAMB36E1_12 |     1|
|14    |RAMB36E1_13 |     1|
|15    |RAMB36E1_14 |     1|
|16    |RAMB36E1_15 |     1|
|17    |RAMB36E1_16 |     1|
|18    |RAMB36E1_17 |     1|
|19    |RAMB36E1_18 |     1|
|20    |RAMB36E1_19 |     1|
|21    |RAMB36E1_2  |     1|
|22    |RAMB36E1_20 |     1|
|23    |RAMB36E1_21 |     1|
|24    |RAMB36E1_22 |     1|
|25    |RAMB36E1_23 |     1|
|26    |RAMB36E1_24 |     1|
|27    |RAMB36E1_25 |     1|
|28    |RAMB36E1_26 |     1|
|29    |RAMB36E1_27 |     1|
|30    |RAMB36E1_28 |     1|
|31    |RAMB36E1_29 |     1|
|32    |RAMB36E1_3  |     1|
|33    |RAMB36E1_30 |     1|
|34    |RAMB36E1_31 |     1|
|35    |RAMB36E1_32 |     1|
|36    |RAMB36E1_33 |     1|
|37    |RAMB36E1_34 |     1|
|38    |RAMB36E1_35 |     1|
|39    |RAMB36E1_36 |     1|
|40    |RAMB36E1_37 |     1|
|41    |RAMB36E1_38 |     1|
|42    |RAMB36E1_39 |     1|
|43    |RAMB36E1_4  |     1|
|44    |RAMB36E1_40 |     1|
|45    |RAMB36E1_41 |     1|
|46    |RAMB36E1_42 |     1|
|47    |RAMB36E1_43 |     1|
|48    |RAMB36E1_44 |     1|
|49    |RAMB36E1_45 |     1|
|50    |RAMB36E1_46 |     1|
|51    |RAMB36E1_47 |     1|
|52    |RAMB36E1_48 |     1|
|53    |RAMB36E1_49 |     1|
|54    |RAMB36E1_5  |     1|
|55    |RAMB36E1_50 |     1|
|56    |RAMB36E1_51 |     1|
|57    |RAMB36E1_52 |     1|
|58    |RAMB36E1_53 |     1|
|59    |RAMB36E1_54 |     1|
|60    |RAMB36E1_55 |     1|
|61    |RAMB36E1_56 |     1|
|62    |RAMB36E1_57 |     1|
|63    |RAMB36E1_58 |     1|
|64    |RAMB36E1_59 |     1|
|65    |RAMB36E1_6  |     1|
|66    |RAMB36E1_60 |     1|
|67    |RAMB36E1_61 |     1|
|68    |RAMB36E1_62 |     1|
|69    |RAMB36E1_63 |     1|
|70    |RAMB36E1_64 |     1|
|71    |RAMB36E1_65 |     1|
|72    |RAMB36E1_66 |     1|
|73    |RAMB36E1_67 |     1|
|74    |RAMB36E1_68 |     1|
|75    |RAMB36E1_7  |     1|
|76    |RAMB36E1_8  |     1|
|77    |RAMB36E1_9  |     1|
|78    |FDRE        |    16|
+------+------------+------+

Report Instance Areas: 
+------+---------------------------------------------+-----------------------------------------------+------+
|      |Instance                                     |Module                                         |Cells |
+------+---------------------------------------------+-----------------------------------------------+------+
|1     |top                                          |                                               |   430|
|2     |  U0                                         |blk_mem_gen_v8_4_1                             |   430|
|3     |    inst_blk_mem_gen                         |blk_mem_gen_v8_4_1_synth                       |   430|
|4     |      \gnbram.gnativebmg.native_blk_mem_gen  |blk_mem_gen_top                                |   430|
|5     |        \valid.cstr                          |blk_mem_gen_generic_cstr                       |   430|
|6     |          \has_mux_a.A                       |blk_mem_gen_mux                                |   280|
|7     |          \ramloop[0].ram.r                  |blk_mem_gen_prim_width                         |     3|
|8     |            \prim_init.ram                   |blk_mem_gen_prim_wrapper_init                  |     3|
|9     |          \ramloop[10].ram.r                 |blk_mem_gen_prim_width__parameterized9         |     2|
|10    |            \prim_init.ram                   |blk_mem_gen_prim_wrapper_init__parameterized9  |     2|
|11    |          \ramloop[11].ram.r                 |blk_mem_gen_prim_width__parameterized10        |     3|
|12    |            \prim_init.ram                   |blk_mem_gen_prim_wrapper_init__parameterized10 |     3|
|13    |          \ramloop[12].ram.r                 |blk_mem_gen_prim_width__parameterized11        |     2|
|14    |            \prim_init.ram                   |blk_mem_gen_prim_wrapper_init__parameterized11 |     2|
|15    |          \ramloop[13].ram.r                 |blk_mem_gen_prim_width__parameterized12        |     3|
|16    |            \prim_init.ram                   |blk_mem_gen_prim_wrapper_init__parameterized12 |     3|
|17    |          \ramloop[14].ram.r                 |blk_mem_gen_prim_width__parameterized13        |     2|
|18    |            \prim_init.ram                   |blk_mem_gen_prim_wrapper_init__parameterized13 |     2|
|19    |          \ramloop[15].ram.r                 |blk_mem_gen_prim_width__parameterized14        |     2|
|20    |            \prim_init.ram                   |blk_mem_gen_prim_wrapper_init__parameterized14 |     2|
|21    |          \ramloop[16].ram.r                 |blk_mem_gen_prim_width__parameterized15        |     2|
|22    |            \prim_init.ram                   |blk_mem_gen_prim_wrapper_init__parameterized15 |     2|
|23    |          \ramloop[17].ram.r                 |blk_mem_gen_prim_width__parameterized16        |     2|
|24    |            \prim_init.ram                   |blk_mem_gen_prim_wrapper_init__parameterized16 |     2|
|25    |          \ramloop[18].ram.r                 |blk_mem_gen_prim_width__parameterized17        |     2|
|26    |            \prim_init.ram                   |blk_mem_gen_prim_wrapper_init__parameterized17 |     2|
|27    |          \ramloop[19].ram.r                 |blk_mem_gen_prim_width__parameterized18        |     2|
|28    |            \prim_init.ram                   |blk_mem_gen_prim_wrapper_init__parameterized18 |     2|
|29    |          \ramloop[1].ram.r                  |blk_mem_gen_prim_width__parameterized0         |     2|
|30    |            \prim_init.ram                   |blk_mem_gen_prim_wrapper_init__parameterized0  |     2|
|31    |          \ramloop[20].ram.r                 |blk_mem_gen_prim_width__parameterized19        |     2|
|32    |            \prim_init.ram                   |blk_mem_gen_prim_wrapper_init__parameterized19 |     2|
|33    |          \ramloop[21].ram.r                 |blk_mem_gen_prim_width__parameterized20        |     2|
|34    |            \prim_init.ram                   |blk_mem_gen_prim_wrapper_init__parameterized20 |     2|
|35    |          \ramloop[22].ram.r                 |blk_mem_gen_prim_width__parameterized21        |     2|
|36    |            \prim_init.ram                   |blk_mem_gen_prim_wrapper_init__parameterized21 |     2|
|37    |          \ramloop[23].ram.r                 |blk_mem_gen_prim_width__parameterized22        |     2|
|38    |            \prim_init.ram                   |blk_mem_gen_prim_wrapper_init__parameterized22 |     2|
|39    |          \ramloop[24].ram.r                 |blk_mem_gen_prim_width__parameterized23        |     2|
|40    |            \prim_init.ram                   |blk_mem_gen_prim_wrapper_init__parameterized23 |     2|
|41    |          \ramloop[25].ram.r                 |blk_mem_gen_prim_width__parameterized24        |     2|
|42    |            \prim_init.ram                   |blk_mem_gen_prim_wrapper_init__parameterized24 |     2|
|43    |          \ramloop[26].ram.r                 |blk_mem_gen_prim_width__parameterized25        |     2|
|44    |            \prim_init.ram                   |blk_mem_gen_prim_wrapper_init__parameterized25 |     2|
|45    |          \ramloop[27].ram.r                 |blk_mem_gen_prim_width__parameterized26        |     2|
|46    |            \prim_init.ram                   |blk_mem_gen_prim_wrapper_init__parameterized26 |     2|
|47    |          \ramloop[28].ram.r                 |blk_mem_gen_prim_width__parameterized27        |     2|
|48    |            \prim_init.ram                   |blk_mem_gen_prim_wrapper_init__parameterized27 |     2|
|49    |          \ramloop[29].ram.r                 |blk_mem_gen_prim_width__parameterized28        |     2|
|50    |            \prim_init.ram                   |blk_mem_gen_prim_wrapper_init__parameterized28 |     2|
|51    |          \ramloop[2].ram.r                  |blk_mem_gen_prim_width__parameterized1         |     2|
|52    |            \prim_init.ram                   |blk_mem_gen_prim_wrapper_init__parameterized1  |     2|
|53    |          \ramloop[30].ram.r                 |blk_mem_gen_prim_width__parameterized29        |     2|
|54    |            \prim_init.ram                   |blk_mem_gen_prim_wrapper_init__parameterized29 |     2|
|55    |          \ramloop[31].ram.r                 |blk_mem_gen_prim_width__parameterized30        |     2|
|56    |            \prim_init.ram                   |blk_mem_gen_prim_wrapper_init__parameterized30 |     2|
|57    |          \ramloop[32].ram.r                 |blk_mem_gen_prim_width__parameterized31        |     3|
|58    |            \prim_init.ram                   |blk_mem_gen_prim_wrapper_init__parameterized31 |     3|
|59    |          \ramloop[33].ram.r                 |blk_mem_gen_prim_width__parameterized32        |     2|
|60    |            \prim_init.ram                   |blk_mem_gen_prim_wrapper_init__parameterized32 |     2|
|61    |          \ramloop[34].ram.r                 |blk_mem_gen_prim_width__parameterized33        |     2|
|62    |            \prim_init.ram                   |blk_mem_gen_prim_wrapper_init__parameterized33 |     2|
|63    |          \ramloop[35].ram.r                 |blk_mem_gen_prim_width__parameterized34        |     2|
|64    |            \prim_init.ram                   |blk_mem_gen_prim_wrapper_init__parameterized34 |     2|
|65    |          \ramloop[36].ram.r                 |blk_mem_gen_prim_width__parameterized35        |     2|
|66    |            \prim_init.ram                   |blk_mem_gen_prim_wrapper_init__parameterized35 |     2|
|67    |          \ramloop[37].ram.r                 |blk_mem_gen_prim_width__parameterized36        |     2|
|68    |            \prim_init.ram                   |blk_mem_gen_prim_wrapper_init__parameterized36 |     2|
|69    |          \ramloop[38].ram.r                 |blk_mem_gen_prim_width__parameterized37        |     2|
|70    |            \prim_init.ram                   |blk_mem_gen_prim_wrapper_init__parameterized37 |     2|
|71    |          \ramloop[39].ram.r                 |blk_mem_gen_prim_width__parameterized38        |     2|
|72    |            \prim_init.ram                   |blk_mem_gen_prim_wrapper_init__parameterized38 |     2|
|73    |          \ramloop[3].ram.r                  |blk_mem_gen_prim_width__parameterized2         |     3|
|74    |            \prim_init.ram                   |blk_mem_gen_prim_wrapper_init__parameterized2  |     3|
|75    |          \ramloop[40].ram.r                 |blk_mem_gen_prim_width__parameterized39        |     3|
|76    |            \prim_init.ram                   |blk_mem_gen_prim_wrapper_init__parameterized39 |     3|
|77    |          \ramloop[41].ram.r                 |blk_mem_gen_prim_width__parameterized40        |     2|
|78    |            \prim_init.ram                   |blk_mem_gen_prim_wrapper_init__parameterized40 |     2|
|79    |          \ramloop[42].ram.r                 |blk_mem_gen_prim_width__parameterized41        |     2|
|80    |            \prim_init.ram                   |blk_mem_gen_prim_wrapper_init__parameterized41 |     2|
|81    |          \ramloop[43].ram.r                 |blk_mem_gen_prim_width__parameterized42        |     2|
|82    |            \prim_init.ram                   |blk_mem_gen_prim_wrapper_init__parameterized42 |     2|
|83    |          \ramloop[44].ram.r                 |blk_mem_gen_prim_width__parameterized43        |     2|
|84    |            \prim_init.ram                   |blk_mem_gen_prim_wrapper_init__parameterized43 |     2|
|85    |          \ramloop[45].ram.r                 |blk_mem_gen_prim_width__parameterized44        |     2|
|86    |            \prim_init.ram                   |blk_mem_gen_prim_wrapper_init__parameterized44 |     2|
|87    |          \ramloop[46].ram.r                 |blk_mem_gen_prim_width__parameterized45        |     2|
|88    |            \prim_init.ram                   |blk_mem_gen_prim_wrapper_init__parameterized45 |     2|
|89    |          \ramloop[47].ram.r                 |blk_mem_gen_prim_width__parameterized46        |     2|
|90    |            \prim_init.ram                   |blk_mem_gen_prim_wrapper_init__parameterized46 |     2|
|91    |          \ramloop[48].ram.r                 |blk_mem_gen_prim_width__parameterized47        |     2|
|92    |            \prim_init.ram                   |blk_mem_gen_prim_wrapper_init__parameterized47 |     2|
|93    |          \ramloop[49].ram.r                 |blk_mem_gen_prim_width__parameterized48        |     2|
|94    |            \prim_init.ram                   |blk_mem_gen_prim_wrapper_init__parameterized48 |     2|
|95    |          \ramloop[4].ram.r                  |blk_mem_gen_prim_width__parameterized3         |     2|
|96    |            \prim_init.ram                   |blk_mem_gen_prim_wrapper_init__parameterized3  |     2|
|97    |          \ramloop[50].ram.r                 |blk_mem_gen_prim_width__parameterized49        |     2|
|98    |            \prim_init.ram                   |blk_mem_gen_prim_wrapper_init__parameterized49 |     2|
|99    |          \ramloop[51].ram.r                 |blk_mem_gen_prim_width__parameterized50        |     2|
|100   |            \prim_init.ram                   |blk_mem_gen_prim_wrapper_init__parameterized50 |     2|
|101   |          \ramloop[52].ram.r                 |blk_mem_gen_prim_width__parameterized51        |     2|
|102   |            \prim_init.ram                   |blk_mem_gen_prim_wrapper_init__parameterized51 |     2|
|103   |          \ramloop[53].ram.r                 |blk_mem_gen_prim_width__parameterized52        |     2|
|104   |            \prim_init.ram                   |blk_mem_gen_prim_wrapper_init__parameterized52 |     2|
|105   |          \ramloop[54].ram.r                 |blk_mem_gen_prim_width__parameterized53        |     2|
|106   |            \prim_init.ram                   |blk_mem_gen_prim_wrapper_init__parameterized53 |     2|
|107   |          \ramloop[55].ram.r                 |blk_mem_gen_prim_width__parameterized54        |     2|
|108   |            \prim_init.ram                   |blk_mem_gen_prim_wrapper_init__parameterized54 |     2|
|109   |          \ramloop[56].ram.r                 |blk_mem_gen_prim_width__parameterized55        |     2|
|110   |            \prim_init.ram                   |blk_mem_gen_prim_wrapper_init__parameterized55 |     2|
|111   |          \ramloop[57].ram.r                 |blk_mem_gen_prim_width__parameterized56        |     2|
|112   |            \prim_init.ram                   |blk_mem_gen_prim_wrapper_init__parameterized56 |     2|
|113   |          \ramloop[58].ram.r                 |blk_mem_gen_prim_width__parameterized57        |     2|
|114   |            \prim_init.ram                   |blk_mem_gen_prim_wrapper_init__parameterized57 |     2|
|115   |          \ramloop[59].ram.r                 |blk_mem_gen_prim_width__parameterized58        |     2|
|116   |            \prim_init.ram                   |blk_mem_gen_prim_wrapper_init__parameterized58 |     2|
|117   |          \ramloop[5].ram.r                  |blk_mem_gen_prim_width__parameterized4         |     2|
|118   |            \prim_init.ram                   |blk_mem_gen_prim_wrapper_init__parameterized4  |     2|
|119   |          \ramloop[60].ram.r                 |blk_mem_gen_prim_width__parameterized59        |     2|
|120   |            \prim_init.ram                   |blk_mem_gen_prim_wrapper_init__parameterized59 |     2|
|121   |          \ramloop[61].ram.r                 |blk_mem_gen_prim_width__parameterized60        |     2|
|122   |            \prim_init.ram                   |blk_mem_gen_prim_wrapper_init__parameterized60 |     2|
|123   |          \ramloop[62].ram.r                 |blk_mem_gen_prim_width__parameterized61        |     2|
|124   |            \prim_init.ram                   |blk_mem_gen_prim_wrapper_init__parameterized61 |     2|
|125   |          \ramloop[63].ram.r                 |blk_mem_gen_prim_width__parameterized62        |     2|
|126   |            \prim_init.ram                   |blk_mem_gen_prim_wrapper_init__parameterized62 |     2|
|127   |          \ramloop[64].ram.r                 |blk_mem_gen_prim_width__parameterized63        |     2|
|128   |            \prim_init.ram                   |blk_mem_gen_prim_wrapper_init__parameterized63 |     2|
|129   |          \ramloop[65].ram.r                 |blk_mem_gen_prim_width__parameterized64        |     2|
|130   |            \prim_init.ram                   |blk_mem_gen_prim_wrapper_init__parameterized64 |     2|
|131   |          \ramloop[66].ram.r                 |blk_mem_gen_prim_width__parameterized65        |     2|
|132   |            \prim_init.ram                   |blk_mem_gen_prim_wrapper_init__parameterized65 |     2|
|133   |          \ramloop[67].ram.r                 |blk_mem_gen_prim_width__parameterized66        |     3|
|134   |            \prim_init.ram                   |blk_mem_gen_prim_wrapper_init__parameterized66 |     3|
|135   |          \ramloop[68].ram.r                 |blk_mem_gen_prim_width__parameterized67        |     2|
|136   |            \prim_init.ram                   |blk_mem_gen_prim_wrapper_init__parameterized67 |     2|
|137   |          \ramloop[69].ram.r                 |blk_mem_gen_prim_width__parameterized68        |     3|
|138   |            \prim_init.ram                   |blk_mem_gen_prim_wrapper_init__parameterized68 |     3|
|139   |          \ramloop[6].ram.r                  |blk_mem_gen_prim_width__parameterized5         |     2|
|140   |            \prim_init.ram                   |blk_mem_gen_prim_wrapper_init__parameterized5  |     2|
|141   |          \ramloop[7].ram.r                  |blk_mem_gen_prim_width__parameterized6         |     2|
|142   |            \prim_init.ram                   |blk_mem_gen_prim_wrapper_init__parameterized6  |     2|
|143   |          \ramloop[8].ram.r                  |blk_mem_gen_prim_width__parameterized7         |     3|
|144   |            \prim_init.ram                   |blk_mem_gen_prim_wrapper_init__parameterized7  |     3|
|145   |          \ramloop[9].ram.r                  |blk_mem_gen_prim_width__parameterized8         |     3|
|146   |            \prim_init.ram                   |blk_mem_gen_prim_wrapper_init__parameterized8  |     3|
+------+---------------------------------------------+-----------------------------------------------+------+
---------------------------------------------------------------------------------
Finished Writing Synthesis Report : Time (s): cpu = 00:03:59 ; elapsed = 00:04:12 . Memory (MB): peak = 1020.113 ; gain = 666.188
---------------------------------------------------------------------------------
Synthesis finished with 0 errors, 0 critical warnings and 190 warnings.
Synthesis Optimization Runtime : Time (s): cpu = 00:00:24 ; elapsed = 00:03:59 . Memory (MB): peak = 1020.113 ; gain = 666.188
Synthesis Optimization Complete : Time (s): cpu = 00:03:59 ; elapsed = 00:04:12 . Memory (MB): peak = 1020.117 ; gain = 666.188
INFO: [Project 1-571] Translating synthesized netlist
INFO: [Netlist 29-17] Analyzing 174 Unisim elements for replacement
INFO: [Netlist 29-28] Unisim Transformation completed in 0 CPU seconds
INFO: [Project 1-570] Preparing netlist for logic optimization
INFO: [Opt 31-138] Pushed 0 inverter(s) to 0 load pin(s).
INFO: [Project 1-111] Unisim Transformation Summary:
No Unisim elements were transformed.

INFO: [Common 17-83] Releasing license: Synthesis
25 Infos, 101 Warnings, 0 Critical Warnings and 0 Errors encountered.
synth_design completed successfully
synth_design: Time (s): cpu = 00:04:01 ; elapsed = 00:04:16 . Memory (MB): peak = 1041.551 ; gain = 699.094
WARNING: [Constraints 18-5210] No constraint will be written out.
INFO: [Common 17-1381] The checkpoint 'E:/Documents/xilinx/fpga_alarm_clock/alarm_clock/alarm_clock.runs/blk_mem_gen_0_synth_1/blk_mem_gen_0.dcp' has been generated.
