INFO: [VRFC 10-2263] Analyzing Verilog file "W:/ELEC3500/lab/lab_9/fpga_alarm_clock/alarm_clock/alarm_clock.sim/sim_1/synth/func/xsim/audio_tb_func_synth.v" into library xil_defaultlib
INFO: [VRFC 10-311] analyzing module alarm_driver
INFO: [VRFC 10-311] analyzing module clk_wiz_0
INFO: [VRFC 10-311] analyzing module clk_wiz_0__clk_wiz_0_clk_wiz
INFO: [VRFC 10-311] analyzing module clock_counter
INFO: [VRFC 10-311] analyzing module clock_counter_1
INFO: [VRFC 10-311] analyzing module count_to
INFO: [VRFC 10-311] analyzing module count_to__parameterized0
INFO: [VRFC 10-311] analyzing module count_to__parameterized1
INFO: [VRFC 10-311] analyzing module count_to__parameterized1_5
INFO: [VRFC 10-311] analyzing module count_to__parameterized2
INFO: [VRFC 10-311] analyzing module count_to__parameterized2_4
INFO: [VRFC 10-311] analyzing module count_to__parameterized3
INFO: [VRFC 10-311] analyzing module count_to__parameterized3_3
INFO: [VRFC 10-311] analyzing module count_to__parameterized4
INFO: [VRFC 10-311] analyzing module count_to__parameterized5
INFO: [VRFC 10-311] analyzing module count_to__parameterized6
INFO: [VRFC 10-311] analyzing module debounce
INFO: [VRFC 10-311] analyzing module debounce_0
INFO: [VRFC 10-311] analyzing module increment_driver
INFO: [VRFC 10-311] analyzing module increment_driver_2
INFO: [VRFC 10-311] analyzing module increment_driver_6
INFO: [VRFC 10-311] analyzing module increment_driver_7
INFO: [VRFC 10-311] analyzing module master_controller
INFO: [VRFC 10-311] analyzing module pwm_driver
INFO: [VRFC 10-311] analyzing module read_audio
INFO: [VRFC 10-311] analyzing module seg_driver
INFO: [VRFC 10-311] analyzing module top
INFO: [VRFC 10-311] analyzing module glbl
INFO: [VRFC 10-2263] Analyzing Verilog file "W:/ELEC3500/lab/lab_9/fpga_alarm_clock/alarm_clock/alarm_clock.srcs/sources_1/imports/modules/count_to.v" into library xil_defaultlib
INFO: [VRFC 10-311] analyzing module count_to
WARNING: [VRFC 10-2845] overwriting previous definition of module count_to [W:/ELEC3500/lab/lab_9/fpga_alarm_clock/alarm_clock/alarm_clock.srcs/sources_1/imports/modules/count_to.v:23]
INFO: [VRFC 10-2263] Analyzing Verilog file "W:/ELEC3500/lab/lab_9/fpga_alarm_clock/alarm_clock/alarm_clock.srcs/sources_1/new/pwm_driver.v" into library xil_defaultlib
INFO: [VRFC 10-311] analyzing module pwm_driver
WARNING: [VRFC 10-2845] overwriting previous definition of module pwm_driver [W:/ELEC3500/lab/lab_9/fpga_alarm_clock/alarm_clock/alarm_clock.srcs/sources_1/new/pwm_driver.v:26]
INFO: [VRFC 10-2263] Analyzing Verilog file "W:/ELEC3500/lab/lab_9/fpga_alarm_clock/alarm_clock/alarm_clock.srcs/sources_1/new/read_audio.v" into library xil_defaultlib
INFO: [VRFC 10-311] analyzing module read_audio
WARNING: [VRFC 10-2845] overwriting previous definition of module read_audio [W:/ELEC3500/lab/lab_9/fpga_alarm_clock/alarm_clock/alarm_clock.srcs/sources_1/new/read_audio.v:22]
INFO: [VRFC 10-2263] Analyzing Verilog file "W:/ELEC3500/lab/lab_9/fpga_alarm_clock/alarm_clock/alarm_clock.srcs/sim_1/new/audio_tb.v" into library xil_defaultlib
INFO: [VRFC 10-311] analyzing module audio_tb
