
*** Running vivado
    with args -log top.vds -m64 -product Vivado -mode batch -messageDb vivado.pb -notrace -source top.tcl


****** Vivado v2018.2.1 (64-bit)
  **** SW Build 2288692 on Thu Jul 26 18:24:02 MDT 2018
  **** IP Build 2289599 on Thu Jul 26 21:09:20 MDT 2018
    ** Copyright 1986-2018 Xilinx, Inc. All Rights Reserved.

source top.tcl -notrace
Command: synth_design -top top -part xc7a100tcsg324-1
Starting synth_design
Attempting to get a license for feature 'Synthesis' and/or device 'xc7a100t'
INFO: [Common 17-349] Got license for feature 'Synthesis' and/or device 'xc7a100t'
INFO: Launching helper process for spawning children vivado processes
INFO: Helper process launched with PID 11296 
---------------------------------------------------------------------------------
Starting RTL Elaboration : Time (s): cpu = 00:00:02 ; elapsed = 00:00:02 . Memory (MB): peak = 460.770 ; gain = 98.098
---------------------------------------------------------------------------------
INFO: [Synth 8-6157] synthesizing module 'top' [W:/win/ELEC3500/lab/lab_9/fpga_alarm_clock/alarm_clock/alarm_clock.srcs/sources_1/new/top.v:23]
	Parameter tb bound to: 0 - type: integer 
	Parameter AUDIO_FROM_FILE bound to: 1 - type: integer 
	Parameter DEBOUNCE_CYCLES bound to: 50000 - type: integer 
	Parameter DEBOUNCE_BITS bound to: 16 - type: integer 
	Parameter DISPL_W bound to: 32 - type: integer 
	Parameter AUDIO_W bound to: 8 - type: integer 
INFO: [Synth 8-6157] synthesizing module 'read_audio' [W:/win/ELEC3500/lab/lab_9/fpga_alarm_clock/alarm_clock/alarm_clock.srcs/sources_1/new/read_audio.v:22]
	Parameter BIT_W bound to: 8 - type: integer 
	Parameter tb bound to: 0 - type: integer 
	Parameter CLK_FRQ bound to: 100000000 - type: integer 
	Parameter SMP_RATE bound to: 44100 - type: integer 
	Parameter CLK_PER_SMP bound to: 2267 - type: integer 
	Parameter ADDR_W bound to: 16 - type: integer 
	Parameter NUM_SMP bound to: 65536 - type: integer 
INFO: [Synth 8-3876] $readmem data file 'music_8b_amp.rom' is read successfully [W:/win/ELEC3500/lab/lab_9/fpga_alarm_clock/alarm_clock/alarm_clock.srcs/sources_1/new/read_audio.v:77]
INFO: [Synth 8-6157] synthesizing module 'count_to' [W:/win/ELEC3500/lab/lab_9/fpga_alarm_clock/alarm_clock/alarm_clock.srcs/sources_1/imports/modules/count_to.v:23]
	Parameter COUNT_W bound to: 12 - type: integer 
	Parameter COUNT_TO bound to: 2267 - type: integer 
INFO: [Synth 8-6155] done synthesizing module 'count_to' (1#1) [W:/win/ELEC3500/lab/lab_9/fpga_alarm_clock/alarm_clock/alarm_clock.srcs/sources_1/imports/modules/count_to.v:23]
WARNING: [Synth 8-350] instance 'inc_en' of module 'count_to' requires 5 connections, but only 4 given [W:/win/ELEC3500/lab/lab_9/fpga_alarm_clock/alarm_clock/alarm_clock.srcs/sources_1/new/read_audio.v:108]
INFO: [Synth 8-6157] synthesizing module 'count_to__parameterized0' [W:/win/ELEC3500/lab/lab_9/fpga_alarm_clock/alarm_clock/alarm_clock.srcs/sources_1/imports/modules/count_to.v:23]
	Parameter COUNT_W bound to: 16 - type: integer 
	Parameter COUNT_TO bound to: 65535 - type: integer 
INFO: [Synth 8-6155] done synthesizing module 'count_to__parameterized0' (1#1) [W:/win/ELEC3500/lab/lab_9/fpga_alarm_clock/alarm_clock/alarm_clock.srcs/sources_1/imports/modules/count_to.v:23]
WARNING: [Synth 8-350] instance 'addr_inc' of module 'count_to' requires 5 connections, but only 4 given [W:/win/ELEC3500/lab/lab_9/fpga_alarm_clock/alarm_clock/alarm_clock.srcs/sources_1/new/read_audio.v:115]
INFO: [Synth 8-6155] done synthesizing module 'read_audio' (2#1) [W:/win/ELEC3500/lab/lab_9/fpga_alarm_clock/alarm_clock/alarm_clock.srcs/sources_1/new/read_audio.v:22]
INFO: [Synth 8-6157] synthesizing module 'clk_wiz_0' [W:/win/ELEC3500/lab/lab_9/fpga_alarm_clock/alarm_clock/alarm_clock.runs/synth_1/.Xil/Vivado-19712-Guillaume/realtime/clk_wiz_0_stub.v:5]
INFO: [Synth 8-6155] done synthesizing module 'clk_wiz_0' (3#1) [W:/win/ELEC3500/lab/lab_9/fpga_alarm_clock/alarm_clock/alarm_clock.runs/synth_1/.Xil/Vivado-19712-Guillaume/realtime/clk_wiz_0_stub.v:5]
INFO: [Synth 8-6157] synthesizing module 'count_to__parameterized1' [W:/win/ELEC3500/lab/lab_9/fpga_alarm_clock/alarm_clock/alarm_clock.srcs/sources_1/imports/modules/count_to.v:23]
	Parameter COUNT_W bound to: 24 - type: integer 
	Parameter COUNT_TO bound to: 5000000 - type: integer 
INFO: [Synth 8-6155] done synthesizing module 'count_to__parameterized1' (3#1) [W:/win/ELEC3500/lab/lab_9/fpga_alarm_clock/alarm_clock/alarm_clock.srcs/sources_1/imports/modules/count_to.v:23]
WARNING: [Synth 8-350] instance 'en_1Hz_count' of module 'count_to' requires 5 connections, but only 4 given [W:/win/ELEC3500/lab/lab_9/fpga_alarm_clock/alarm_clock/alarm_clock.srcs/sources_1/new/top.v:85]
INFO: [Synth 8-6157] synthesizing module 'count_to__parameterized2' [W:/win/ELEC3500/lab/lab_9/fpga_alarm_clock/alarm_clock/alarm_clock.srcs/sources_1/imports/modules/count_to.v:23]
	Parameter COUNT_W bound to: 14 - type: integer 
	Parameter COUNT_TO bound to: 5000 - type: integer 
INFO: [Synth 8-6155] done synthesizing module 'count_to__parameterized2' (3#1) [W:/win/ELEC3500/lab/lab_9/fpga_alarm_clock/alarm_clock/alarm_clock.srcs/sources_1/imports/modules/count_to.v:23]
WARNING: [Synth 8-350] instance 'en_1KHz_count' of module 'count_to' requires 5 connections, but only 4 given [W:/win/ELEC3500/lab/lab_9/fpga_alarm_clock/alarm_clock/alarm_clock.srcs/sources_1/new/top.v:93]
INFO: [Synth 8-6157] synthesizing module 'count_to__parameterized3' [W:/win/ELEC3500/lab/lab_9/fpga_alarm_clock/alarm_clock/alarm_clock.srcs/sources_1/imports/modules/count_to.v:23]
	Parameter COUNT_W bound to: 6 - type: integer 
	Parameter COUNT_TO bound to: 59 - type: integer 
INFO: [Synth 8-6155] done synthesizing module 'count_to__parameterized3' (3#1) [W:/win/ELEC3500/lab/lab_9/fpga_alarm_clock/alarm_clock/alarm_clock.srcs/sources_1/imports/modules/count_to.v:23]
INFO: [Synth 8-6157] synthesizing module 'clock_counter' [W:/win/ELEC3500/lab/lab_9/fpga_alarm_clock/alarm_clock/alarm_clock.srcs/sources_1/new/clock_counter.v:22]
INFO: [Synth 8-6157] synthesizing module 'sequential_enable' [W:/win/ELEC3500/lab/lab_9/fpga_alarm_clock/alarm_clock/alarm_clock.srcs/sources_1/new/sequential_enable.v:25]
	Parameter NUM_EN bound to: 2 - type: integer 
INFO: [Synth 8-6155] done synthesizing module 'sequential_enable' (4#1) [W:/win/ELEC3500/lab/lab_9/fpga_alarm_clock/alarm_clock/alarm_clock.srcs/sources_1/new/sequential_enable.v:25]
INFO: [Synth 8-6157] synthesizing module 'count_to__parameterized4' [W:/win/ELEC3500/lab/lab_9/fpga_alarm_clock/alarm_clock/alarm_clock.srcs/sources_1/imports/modules/count_to.v:23]
	Parameter COUNT_W bound to: 5 - type: integer 
	Parameter COUNT_TO bound to: 23 - type: integer 
INFO: [Synth 8-6155] done synthesizing module 'count_to__parameterized4' (4#1) [W:/win/ELEC3500/lab/lab_9/fpga_alarm_clock/alarm_clock/alarm_clock.srcs/sources_1/imports/modules/count_to.v:23]
WARNING: [Synth 8-350] instance 'count_hours' of module 'count_to' requires 5 connections, but only 4 given [W:/win/ELEC3500/lab/lab_9/fpga_alarm_clock/alarm_clock/alarm_clock.srcs/sources_1/new/clock_counter.v:61]
INFO: [Synth 8-6157] synthesizing module 'increment_driver' [W:/win/ELEC3500/lab/lab_9/fpga_alarm_clock/alarm_clock/alarm_clock.srcs/sources_1/new/increment_driver.v:23]
	Parameter S0 bound to: 2'b00 
	Parameter S1 bound to: 2'b01 
	Parameter S2 bound to: 2'b10 
INFO: [Synth 8-6155] done synthesizing module 'increment_driver' (5#1) [W:/win/ELEC3500/lab/lab_9/fpga_alarm_clock/alarm_clock/alarm_clock.srcs/sources_1/new/increment_driver.v:23]
INFO: [Synth 8-6157] synthesizing module 'hours_to_bcd_encoder' [W:/win/ELEC3500/lab/lab_9/fpga_alarm_clock/alarm_clock/alarm_clock.srcs/sources_1/new/hours_to_bcd_encoder.v:23]
INFO: [Synth 8-6155] done synthesizing module 'hours_to_bcd_encoder' (6#1) [W:/win/ELEC3500/lab/lab_9/fpga_alarm_clock/alarm_clock/alarm_clock.srcs/sources_1/new/hours_to_bcd_encoder.v:23]
INFO: [Synth 8-6157] synthesizing module 'mins_to_bcd_encoder' [W:/win/ELEC3500/lab/lab_9/fpga_alarm_clock/alarm_clock/alarm_clock.srcs/sources_1/new/mins_to_bcd_encoder.v:23]
INFO: [Synth 8-6155] done synthesizing module 'mins_to_bcd_encoder' (7#1) [W:/win/ELEC3500/lab/lab_9/fpga_alarm_clock/alarm_clock/alarm_clock.srcs/sources_1/new/mins_to_bcd_encoder.v:23]
INFO: [Synth 8-6155] done synthesizing module 'clock_counter' (8#1) [W:/win/ELEC3500/lab/lab_9/fpga_alarm_clock/alarm_clock/alarm_clock.srcs/sources_1/new/clock_counter.v:22]
INFO: [Synth 8-6157] synthesizing module 'master_controller' [W:/win/ELEC3500/lab/lab_9/fpga_alarm_clock/alarm_clock/alarm_clock.srcs/sources_1/new/master_controller.v:22]
	Parameter S0 bound to: 0 - type: integer 
	Parameter S1 bound to: 1 - type: integer 
	Parameter S2 bound to: 2 - type: integer 
	Parameter S3 bound to: 3 - type: integer 
INFO: [Synth 8-226] default block is never used [W:/win/ELEC3500/lab/lab_9/fpga_alarm_clock/alarm_clock/alarm_clock.srcs/sources_1/new/master_controller.v:54]
INFO: [Synth 8-6155] done synthesizing module 'master_controller' (9#1) [W:/win/ELEC3500/lab/lab_9/fpga_alarm_clock/alarm_clock/alarm_clock.srcs/sources_1/new/master_controller.v:22]
INFO: [Synth 8-6157] synthesizing module 'debounce' [W:/win/ELEC3500/lab/lab_9/fpga_alarm_clock/alarm_clock/alarm_clock.srcs/sources_1/new/debounce.v:21]
	Parameter COUNT_BITS bound to: 16 - type: integer 
	Parameter CLKS_TO_COUNT bound to: 50000 - type: integer 
INFO: [Synth 8-6157] synthesizing module 'count_to__parameterized5' [W:/win/ELEC3500/lab/lab_9/fpga_alarm_clock/alarm_clock/alarm_clock.srcs/sources_1/imports/modules/count_to.v:23]
	Parameter COUNT_W bound to: 16 - type: integer 
	Parameter COUNT_TO bound to: 50000 - type: integer 
INFO: [Synth 8-6155] done synthesizing module 'count_to__parameterized5' (9#1) [W:/win/ELEC3500/lab/lab_9/fpga_alarm_clock/alarm_clock/alarm_clock.srcs/sources_1/imports/modules/count_to.v:23]
WARNING: [Synth 8-350] instance 'cap_samp' of module 'count_to' requires 5 connections, but only 4 given [W:/win/ELEC3500/lab/lab_9/fpga_alarm_clock/alarm_clock/alarm_clock.srcs/sources_1/new/debounce.v:35]
INFO: [Synth 8-6155] done synthesizing module 'debounce' (10#1) [W:/win/ELEC3500/lab/lab_9/fpga_alarm_clock/alarm_clock/alarm_clock.srcs/sources_1/new/debounce.v:21]
INFO: [Synth 8-6157] synthesizing module 'display_mux' [W:/win/ELEC3500/lab/lab_9/fpga_alarm_clock/alarm_clock/alarm_clock.srcs/sources_1/new/diplay_mux.v:21]
	Parameter MUX_W bound to: 31 - type: integer 
INFO: [Synth 8-6155] done synthesizing module 'display_mux' (11#1) [W:/win/ELEC3500/lab/lab_9/fpga_alarm_clock/alarm_clock/alarm_clock.srcs/sources_1/new/diplay_mux.v:21]
INFO: [Synth 8-6157] synthesizing module 'seg_driver' [W:/win/ELEC3500/lab/lab_9/fpga_alarm_clock/alarm_clock/alarm_clock.srcs/sources_1/new/seg_driver.v:22]
	Parameter NUM_SEG bound to: 8 - type: integer 
INFO: [Synth 8-6157] synthesizing module 'count_to__parameterized6' [W:/win/ELEC3500/lab/lab_9/fpga_alarm_clock/alarm_clock/alarm_clock.srcs/sources_1/imports/modules/count_to.v:23]
	Parameter COUNT_W bound to: 3 - type: integer 
	Parameter COUNT_TO bound to: 7 - type: integer 
INFO: [Synth 8-6155] done synthesizing module 'count_to__parameterized6' (11#1) [W:/win/ELEC3500/lab/lab_9/fpga_alarm_clock/alarm_clock/alarm_clock.srcs/sources_1/imports/modules/count_to.v:23]
WARNING: [Synth 8-350] instance 'disp_ptr_inc' of module 'count_to' requires 5 connections, but only 4 given [W:/win/ELEC3500/lab/lab_9/fpga_alarm_clock/alarm_clock/alarm_clock.srcs/sources_1/new/seg_driver.v:44]
INFO: [Synth 8-6155] done synthesizing module 'seg_driver' (12#1) [W:/win/ELEC3500/lab/lab_9/fpga_alarm_clock/alarm_clock/alarm_clock.srcs/sources_1/new/seg_driver.v:22]
INFO: [Synth 8-6157] synthesizing module 'alarm_driver' [W:/win/ELEC3500/lab/lab_9/fpga_alarm_clock/alarm_clock/alarm_clock.srcs/sources_1/new/alarm_driver.v:23]
INFO: [Synth 8-6155] done synthesizing module 'alarm_driver' (13#1) [W:/win/ELEC3500/lab/lab_9/fpga_alarm_clock/alarm_clock/alarm_clock.srcs/sources_1/new/alarm_driver.v:23]
INFO: [Synth 8-6157] synthesizing module 'pwm_driver' [W:/win/ELEC3500/lab/lab_9/fpga_alarm_clock/alarm_clock/alarm_clock.srcs/sources_1/new/pwm_driver.v:26]
	Parameter AUDIO_W bound to: 8 - type: integer 
	Parameter PWM_W bound to: 8 - type: integer 
INFO: [Synth 8-6155] done synthesizing module 'pwm_driver' (14#1) [W:/win/ELEC3500/lab/lab_9/fpga_alarm_clock/alarm_clock/alarm_clock.srcs/sources_1/new/pwm_driver.v:26]
INFO: [Synth 8-6155] done synthesizing module 'top' (15#1) [W:/win/ELEC3500/lab/lab_9/fpga_alarm_clock/alarm_clock/alarm_clock.srcs/sources_1/new/top.v:23]
WARNING: [Synth 8-3917] design top has port audio_sd driven by constant 1
---------------------------------------------------------------------------------
Finished RTL Elaboration : Time (s): cpu = 00:00:03 ; elapsed = 00:00:06 . Memory (MB): peak = 609.180 ; gain = 246.508
---------------------------------------------------------------------------------

Report Check Netlist: 
+------+------------------+-------+---------+-------+------------------+
|      |Item              |Errors |Warnings |Status |Description       |
+------+------------------+-------+---------+-------+------------------+
|1     |multi_driven_nets |      0|        0|Passed |Multi driven nets |
+------+------------------+-------+---------+-------+------------------+
---------------------------------------------------------------------------------
Start Handling Custom Attributes
---------------------------------------------------------------------------------
---------------------------------------------------------------------------------
Finished Handling Custom Attributes : Time (s): cpu = 00:00:04 ; elapsed = 00:00:10 . Memory (MB): peak = 609.180 ; gain = 246.508
---------------------------------------------------------------------------------
---------------------------------------------------------------------------------
Finished RTL Optimization Phase 1 : Time (s): cpu = 00:00:04 ; elapsed = 00:00:10 . Memory (MB): peak = 609.180 ; gain = 246.508
---------------------------------------------------------------------------------
INFO: [Device 21-403] Loading part xc7a100tcsg324-1
INFO: [Project 1-570] Preparing netlist for logic optimization

Processing XDC Constraints
Initializing timing engine
Parsing XDC File [w:/win/ELEC3500/lab/lab_9/fpga_alarm_clock/alarm_clock/alarm_clock.srcs/sources_1/ip/clk_wiz_0/clk_wiz_0/clk_wiz_0_in_context.xdc] for cell 'clk_wiz'
Finished Parsing XDC File [w:/win/ELEC3500/lab/lab_9/fpga_alarm_clock/alarm_clock/alarm_clock.srcs/sources_1/ip/clk_wiz_0/clk_wiz_0/clk_wiz_0_in_context.xdc] for cell 'clk_wiz'
Parsing XDC File [W:/win/ELEC3500/lab/lab_9/fpga_alarm_clock/alarm_clock/alarm_clock.srcs/constrs_1/imports/lab9_3_3/Nexys4DDR_Master.xdc]
Finished Parsing XDC File [W:/win/ELEC3500/lab/lab_9/fpga_alarm_clock/alarm_clock/alarm_clock.srcs/constrs_1/imports/lab9_3_3/Nexys4DDR_Master.xdc]
INFO: [Project 1-236] Implementation specific constraints were found while reading constraint file [W:/win/ELEC3500/lab/lab_9/fpga_alarm_clock/alarm_clock/alarm_clock.srcs/constrs_1/imports/lab9_3_3/Nexys4DDR_Master.xdc]. These constraints will be ignored for synthesis but will be used in implementation. Impacted constraints are listed in the file [.Xil/top_propImpl.xdc].
Resolution: To avoid this warning, move constraints listed in [.Xil/top_propImpl.xdc] to another XDC file and exclude this new file from synthesis with the used_in_synthesis property (File Properties dialog in GUI) and re-run elaboration/synthesis.
Completed Processing XDC Constraints

INFO: [Project 1-111] Unisim Transformation Summary:
No Unisim elements were transformed.

Constraint Validation Runtime : Time (s): cpu = 00:00:00 ; elapsed = 00:00:00.018 . Memory (MB): peak = 941.055 ; gain = 0.000
---------------------------------------------------------------------------------
Finished Constraint Validation : Time (s): cpu = 00:00:12 ; elapsed = 00:00:26 . Memory (MB): peak = 941.055 ; gain = 578.383
---------------------------------------------------------------------------------
---------------------------------------------------------------------------------
Start Loading Part and Timing Information
---------------------------------------------------------------------------------
Loading part: xc7a100tcsg324-1
---------------------------------------------------------------------------------
Finished Loading Part and Timing Information : Time (s): cpu = 00:00:12 ; elapsed = 00:00:26 . Memory (MB): peak = 941.055 ; gain = 578.383
---------------------------------------------------------------------------------
---------------------------------------------------------------------------------
Start Applying 'set_property' XDC Constraints
---------------------------------------------------------------------------------
Applied set_property IO_BUFFER_TYPE = NONE for clk_100MHz. (constraint file  w:/win/ELEC3500/lab/lab_9/fpga_alarm_clock/alarm_clock/alarm_clock.srcs/sources_1/ip/clk_wiz_0/clk_wiz_0/clk_wiz_0_in_context.xdc, line 3).
Applied set_property CLOCK_BUFFER_TYPE = NONE for clk_100MHz. (constraint file  w:/win/ELEC3500/lab/lab_9/fpga_alarm_clock/alarm_clock/alarm_clock.srcs/sources_1/ip/clk_wiz_0/clk_wiz_0/clk_wiz_0_in_context.xdc, line 4).
Applied set_property DONT_TOUCH = true for clk_wiz. (constraint file  auto generated constraint, line ).
---------------------------------------------------------------------------------
Finished applying 'set_property' XDC Constraints : Time (s): cpu = 00:00:12 ; elapsed = 00:00:26 . Memory (MB): peak = 941.055 ; gain = 578.383
---------------------------------------------------------------------------------
INFO: [Synth 8-802] inferred FSM for state register 'state_reg' in module 'increment_driver'
INFO: [Synth 8-5544] ROM "q" won't be mapped to Block RAM because address size (2) smaller than threshold (5)
INFO: [Synth 8-5544] ROM "state_n" won't be mapped to Block RAM because address size (1) smaller than threshold (5)
INFO: [Synth 8-5544] ROM "state_n" won't be mapped to Block RAM because address size (1) smaller than threshold (5)
INFO: [Synth 8-802] inferred FSM for state register 'state_reg' in module 'master_controller'
INFO: [Synth 8-5544] ROM "alarm_on" won't be mapped to Block RAM because address size (2) smaller than threshold (5)
INFO: [Synth 8-5544] ROM "state_next" won't be mapped to Block RAM because address size (1) smaller than threshold (5)
INFO: [Synth 8-5546] ROM "current_duty" won't be mapped to RAM because it is too sparse
---------------------------------------------------------------------------------------------------
                   State |                     New Encoding |                Previous Encoding 
---------------------------------------------------------------------------------------------------
                      S0 |                               00 |                               00
                      S1 |                               01 |                               01
                      S2 |                               10 |                               10
---------------------------------------------------------------------------------------------------
INFO: [Synth 8-3354] encoded FSM with state register 'state_reg' using encoding 'sequential' in module 'increment_driver'
---------------------------------------------------------------------------------------------------
                   State |                     New Encoding |                Previous Encoding 
---------------------------------------------------------------------------------------------------
                      S0 |                               00 |                               00
                      S1 |                               01 |                               01
                      S2 |                               10 |                               10
                      S3 |                               11 |                               11
---------------------------------------------------------------------------------------------------
INFO: [Synth 8-3354] encoded FSM with state register 'state_reg' using encoding 'sequential' in module 'master_controller'
---------------------------------------------------------------------------------
Finished RTL Optimization Phase 2 : Time (s): cpu = 00:00:17 ; elapsed = 00:00:34 . Memory (MB): peak = 941.055 ; gain = 578.383
---------------------------------------------------------------------------------

Report RTL Partitions: 
+-+--------------+------------+----------+
| |RTL Partition |Replication |Instances |
+-+--------------+------------+----------+
+-+--------------+------------+----------+
---------------------------------------------------------------------------------
Start RTL Component Statistics 
---------------------------------------------------------------------------------
Detailed RTL Component Info : 
+---Adders : 
	   2 Input      8 Bit       Adders := 1     
	   2 Input      6 Bit       Adders := 3     
	   2 Input      5 Bit       Adders := 2     
	   2 Input      3 Bit       Adders := 1     
+---XORs : 
	   2 Input      1 Bit         XORs := 2     
+---Registers : 
	                8 Bit    Registers := 2     
	                6 Bit    Registers := 3     
	                5 Bit    Registers := 2     
	                3 Bit    Registers := 1     
	                1 Bit    Registers := 6     
+---Muxes : 
	   2 Input     32 Bit        Muxes := 1     
	   2 Input      8 Bit        Muxes := 1     
	   8 Input      8 Bit        Muxes := 1     
	   2 Input      6 Bit        Muxes := 3     
	   2 Input      5 Bit        Muxes := 2     
	   8 Input      4 Bit        Muxes := 1     
	   2 Input      3 Bit        Muxes := 1     
	   3 Input      2 Bit        Muxes := 4     
	   2 Input      2 Bit        Muxes := 19    
	   4 Input      2 Bit        Muxes := 1     
	   2 Input      1 Bit        Muxes := 7     
---------------------------------------------------------------------------------
Finished RTL Component Statistics 
---------------------------------------------------------------------------------
---------------------------------------------------------------------------------
Start RTL Hierarchical Component Statistics 
---------------------------------------------------------------------------------
Hierarchical RTL Component report 
Module count_to__parameterized3 
Detailed RTL Component Info : 
+---Adders : 
	   2 Input      6 Bit       Adders := 1     
+---Registers : 
	                6 Bit    Registers := 1     
+---Muxes : 
	   2 Input      6 Bit        Muxes := 1     
Module count_to__parameterized4 
Detailed RTL Component Info : 
+---Adders : 
	   2 Input      5 Bit       Adders := 1     
+---Registers : 
	                5 Bit    Registers := 1     
+---Muxes : 
	   2 Input      5 Bit        Muxes := 1     
Module increment_driver 
Detailed RTL Component Info : 
+---Muxes : 
	   3 Input      2 Bit        Muxes := 1     
	   2 Input      2 Bit        Muxes := 3     
	   2 Input      1 Bit        Muxes := 1     
Module master_controller 
Detailed RTL Component Info : 
+---Muxes : 
	   4 Input      2 Bit        Muxes := 1     
	   2 Input      2 Bit        Muxes := 7     
	   2 Input      1 Bit        Muxes := 1     
Module debounce 
Detailed RTL Component Info : 
+---XORs : 
	   2 Input      1 Bit         XORs := 1     
+---Registers : 
	                1 Bit    Registers := 2     
Module display_mux 
Detailed RTL Component Info : 
+---Muxes : 
	   2 Input     32 Bit        Muxes := 1     
Module count_to__parameterized6 
Detailed RTL Component Info : 
+---Adders : 
	   2 Input      3 Bit       Adders := 1     
+---Registers : 
	                3 Bit    Registers := 1     
+---Muxes : 
	   2 Input      3 Bit        Muxes := 1     
Module seg_driver 
Detailed RTL Component Info : 
+---Muxes : 
	   2 Input      8 Bit        Muxes := 1     
	   8 Input      8 Bit        Muxes := 1     
	   8 Input      4 Bit        Muxes := 1     
Module alarm_driver 
Detailed RTL Component Info : 
+---Registers : 
	                1 Bit    Registers := 1     
+---Muxes : 
	   2 Input      1 Bit        Muxes := 1     
Module pwm_driver 
Detailed RTL Component Info : 
+---Adders : 
	   2 Input      8 Bit       Adders := 1     
+---Registers : 
	                8 Bit    Registers := 2     
	                1 Bit    Registers := 1     
+---Muxes : 
	   2 Input      1 Bit        Muxes := 1     
---------------------------------------------------------------------------------
Finished RTL Hierarchical Component Statistics
---------------------------------------------------------------------------------
---------------------------------------------------------------------------------
Start Part Resource Summary
---------------------------------------------------------------------------------
Part Resources:
DSPs: 240 (col length:80)
BRAMs: 270 (col length: RAMB18 80 RAMB36 40)
---------------------------------------------------------------------------------
Finished Part Resource Summary
---------------------------------------------------------------------------------
---------------------------------------------------------------------------------
Start Cross Boundary and Area Optimization
---------------------------------------------------------------------------------
Warning: Parallel synthesis criteria is not met 
INFO: [Synth 8-5546] ROM "pwm_d/current_duty" won't be mapped to RAM because it is too sparse
WARNING: [Synth 8-3917] design top has port audio_sd driven by constant 1
---------------------------------------------------------------------------------
Finished Cross Boundary and Area Optimization : Time (s): cpu = 00:01:38 ; elapsed = 00:01:59 . Memory (MB): peak = 2251.465 ; gain = 1888.793
---------------------------------------------------------------------------------
---------------------------------------------------------------------------------
Start ROM, RAM, DSP and Shift Register Reporting
---------------------------------------------------------------------------------

ROM:
+--------------------+-----------------------------+---------------+----------------+
|Module Name         | RTL Object                  | Depth x Width | Implemented As | 
+--------------------+-----------------------------+---------------+----------------+
|read_audio          | p_0_out                     | 65536x8       | LUT            | 
|mins_to_bcd_encoder | bcd                         | 64x8          | LUT            | 
|read_audio          | p_0_out                     | 65536x8       | LUT            | 
|top                 | alarm_reg/m_bcd_encoder/bcd | 64x8          | LUT            | 
|top                 | rt_clock/m_bcd_encoder/bcd  | 64x8          | LUT            | 
+--------------------+-----------------------------+---------------+----------------+

---------------------------------------------------------------------------------
Finished ROM, RAM, DSP and Shift Register Reporting
---------------------------------------------------------------------------------

Report RTL Partitions: 
+-+--------------+------------+----------+
| |RTL Partition |Replication |Instances |
+-+--------------+------------+----------+
+-+--------------+------------+----------+
---------------------------------------------------------------------------------
Start Applying XDC Timing Constraints
---------------------------------------------------------------------------------
INFO: [Synth 8-5578] Moved timing constraint from pin 'clk_wiz/clk_out1' to pin 'clk_wiz/bbstub_clk_out1/O'
INFO: [Synth 8-5819] Moved 1 constraints on hierarchical pins to their respective driving/loading pins
---------------------------------------------------------------------------------
Finished Applying XDC Timing Constraints : Time (s): cpu = 00:01:44 ; elapsed = 00:02:06 . Memory (MB): peak = 2251.465 ; gain = 1888.793
---------------------------------------------------------------------------------
---------------------------------------------------------------------------------
Start Timing Optimization
---------------------------------------------------------------------------------
---------------------------------------------------------------------------------
Finished Timing Optimization : Time (s): cpu = 00:01:46 ; elapsed = 00:02:08 . Memory (MB): peak = 2251.465 ; gain = 1888.793
---------------------------------------------------------------------------------

Report RTL Partitions: 
+-+--------------+------------+----------+
| |RTL Partition |Replication |Instances |
+-+--------------+------------+----------+
+-+--------------+------------+----------+
---------------------------------------------------------------------------------
Start Technology Mapping
---------------------------------------------------------------------------------
---------------------------------------------------------------------------------
Finished Technology Mapping : Time (s): cpu = 00:01:49 ; elapsed = 00:02:11 . Memory (MB): peak = 2251.465 ; gain = 1888.793
---------------------------------------------------------------------------------

Report RTL Partitions: 
+-+--------------+------------+----------+
| |RTL Partition |Replication |Instances |
+-+--------------+------------+----------+
+-+--------------+------------+----------+
---------------------------------------------------------------------------------
Start IO Insertion
---------------------------------------------------------------------------------
---------------------------------------------------------------------------------
Start Flattening Before IO Insertion
---------------------------------------------------------------------------------
---------------------------------------------------------------------------------
Finished Flattening Before IO Insertion
---------------------------------------------------------------------------------
---------------------------------------------------------------------------------
Start Final Netlist Cleanup
---------------------------------------------------------------------------------
---------------------------------------------------------------------------------
Finished Final Netlist Cleanup
---------------------------------------------------------------------------------
---------------------------------------------------------------------------------
Finished IO Insertion : Time (s): cpu = 00:01:50 ; elapsed = 00:02:12 . Memory (MB): peak = 2251.465 ; gain = 1888.793
---------------------------------------------------------------------------------

Report Check Netlist: 
+------+------------------+-------+---------+-------+------------------+
|      |Item              |Errors |Warnings |Status |Description       |
+------+------------------+-------+---------+-------+------------------+
|1     |multi_driven_nets |      0|        0|Passed |Multi driven nets |
+------+------------------+-------+---------+-------+------------------+
---------------------------------------------------------------------------------
Start Renaming Generated Instances
---------------------------------------------------------------------------------
---------------------------------------------------------------------------------
Finished Renaming Generated Instances : Time (s): cpu = 00:01:50 ; elapsed = 00:02:12 . Memory (MB): peak = 2251.465 ; gain = 1888.793
---------------------------------------------------------------------------------

Report RTL Partitions: 
+-+--------------+------------+----------+
| |RTL Partition |Replication |Instances |
+-+--------------+------------+----------+
+-+--------------+------------+----------+
---------------------------------------------------------------------------------
Start Rebuilding User Hierarchy
---------------------------------------------------------------------------------
---------------------------------------------------------------------------------
Finished Rebuilding User Hierarchy : Time (s): cpu = 00:01:51 ; elapsed = 00:02:13 . Memory (MB): peak = 2251.465 ; gain = 1888.793
---------------------------------------------------------------------------------
---------------------------------------------------------------------------------
Start Renaming Generated Ports
---------------------------------------------------------------------------------
---------------------------------------------------------------------------------
Finished Renaming Generated Ports : Time (s): cpu = 00:01:51 ; elapsed = 00:02:13 . Memory (MB): peak = 2251.465 ; gain = 1888.793
---------------------------------------------------------------------------------
---------------------------------------------------------------------------------
Start Handling Custom Attributes
---------------------------------------------------------------------------------
---------------------------------------------------------------------------------
Finished Handling Custom Attributes : Time (s): cpu = 00:01:51 ; elapsed = 00:02:14 . Memory (MB): peak = 2251.465 ; gain = 1888.793
---------------------------------------------------------------------------------
---------------------------------------------------------------------------------
Start Renaming Generated Nets
---------------------------------------------------------------------------------
---------------------------------------------------------------------------------
Finished Renaming Generated Nets : Time (s): cpu = 00:01:51 ; elapsed = 00:02:14 . Memory (MB): peak = 2251.465 ; gain = 1888.793
---------------------------------------------------------------------------------
---------------------------------------------------------------------------------
Start Writing Synthesis Report
---------------------------------------------------------------------------------

Report BlackBoxes: 
+------+--------------+----------+
|      |BlackBox name |Instances |
+------+--------------+----------+
|1     |clk_wiz_0     |         1|
+------+--------------+----------+

Report Cell Usage: 
+------+----------+------+
|      |Cell      |Count |
+------+----------+------+
|1     |clk_wiz_0 |     1|
|2     |CARRY4    |    32|
|3     |LUT1      |     6|
|4     |LUT2      |   246|
|5     |LUT3      |    85|
|6     |LUT4      |   290|
|7     |LUT5      |   671|
|8     |LUT6      |  7854|
|9     |MUXF7     |  3560|
|10    |MUXF8     |   176|
|11    |FDCE      |   267|
|12    |FDRE      |     4|
|13    |IBUF      |     8|
|14    |OBUF      |    23|
+------+----------+------+

Report Instance Areas: 
+------+---------------------+---------------------------+------+
|      |Instance             |Module                     |Cells |
+------+---------------------+---------------------------+------+
|1     |top                  |                           | 13223|
|2     |  ad                 |alarm_driver               |     2|
|3     |  alarm_reg          |clock_counter              |    50|
|4     |    count_hours      |count_to__parameterized4_5 |    18|
|5     |    count_minute_0   |count_to__parameterized3_6 |    22|
|6     |    increment_hour   |increment_driver_7         |     4|
|7     |    increment_minute |increment_driver_8         |     6|
|8     |  count_seconds      |count_to__parameterized3   |    14|
|9     |  debounce_dn        |debounce                   |    44|
|10    |    cap_samp         |count_to__parameterized5_4 |    41|
|11    |  debounce_up        |debounce_0                 |    44|
|12    |    cap_samp         |count_to__parameterized5   |    41|
|13    |  en_1Hz_count       |count_to__parameterized1   |    61|
|14    |  en_1KHz_count      |count_to__parameterized2   |    36|
|15    |  \from_file.ra      |read_audio                 | 12803|
|16    |    addr_inc         |count_to__parameterized0   | 12772|
|17    |    inc_en           |count_to                   |    31|
|18    |  mc                 |master_controller          |     8|
|19    |  pwm_d              |pwm_driver                 |    37|
|20    |  rt_clock           |clock_counter_1            |    52|
|21    |    count_hours      |count_to__parameterized4   |    19|
|22    |    count_minute_0   |count_to__parameterized3_2 |    23|
|23    |    increment_hour   |increment_driver           |     5|
|24    |    increment_minute |increment_driver_3         |     5|
|25    |  sd                 |seg_driver                 |    39|
|26    |    disp_ptr_inc     |count_to__parameterized6   |    39|
+------+---------------------+---------------------------+------+
---------------------------------------------------------------------------------
Finished Writing Synthesis Report : Time (s): cpu = 00:01:51 ; elapsed = 00:02:14 . Memory (MB): peak = 2251.465 ; gain = 1888.793
---------------------------------------------------------------------------------
Synthesis finished with 0 errors, 0 critical warnings and 1 warnings.
Synthesis Optimization Runtime : Time (s): cpu = 00:01:42 ; elapsed = 00:02:03 . Memory (MB): peak = 2251.465 ; gain = 1556.918
Synthesis Optimization Complete : Time (s): cpu = 00:01:51 ; elapsed = 00:02:14 . Memory (MB): peak = 2251.465 ; gain = 1888.793
INFO: [Project 1-571] Translating synthesized netlist
INFO: [Netlist 29-17] Analyzing 3776 Unisim elements for replacement
INFO: [Netlist 29-28] Unisim Transformation completed in 0 CPU seconds
WARNING: [Netlist 29-101] Netlist 'top' is not ideal for floorplanning, since the cellview 'count_to__parameterized0' contains a large number of primitives.  Please consider enabling hierarchy in synthesis if you want to do floorplanning.
INFO: [Project 1-570] Preparing netlist for logic optimization
INFO: [Opt 31-140] Inserted 1 IBUFs to IO ports without IO buffers.
INFO: [Opt 31-138] Pushed 0 inverter(s) to 0 load pin(s).
INFO: [Project 1-111] Unisim Transformation Summary:
No Unisim elements were transformed.

INFO: [Common 17-83] Releasing license: Synthesis
72 Infos, 10 Warnings, 0 Critical Warnings and 0 Errors encountered.
synth_design completed successfully
synth_design: Time (s): cpu = 00:01:55 ; elapsed = 00:02:19 . Memory (MB): peak = 2251.465 ; gain = 1900.266
WARNING: [Constraints 18-5210] No constraint will be written out.
INFO: [Common 17-1381] The checkpoint 'W:/win/ELEC3500/lab/lab_9/fpga_alarm_clock/alarm_clock/alarm_clock.runs/synth_1/top.dcp' has been generated.
write_checkpoint: Time (s): cpu = 00:00:02 ; elapsed = 00:00:06 . Memory (MB): peak = 2251.465 ; gain = 0.000
INFO: [runtcl-4] Executing : report_utilization -file top_utilization_synth.rpt -pb top_utilization_synth.pb
report_utilization: Time (s): cpu = 00:00:00 ; elapsed = 00:00:00.262 . Memory (MB): peak = 2251.465 ; gain = 0.000
INFO: [Common 17-206] Exiting Vivado at Tue Dec  4 22:53:26 2018...
